#
# There is insufficient memory for the Java Runtime Environment to continue.
# Native memory allocation (malloc) failed to allocate 1005696 bytes for Chunk::new
# Possible reasons:
#   The system is out of physical RAM or swap space
#   The process is running with CompressedOops enabled, and the Java Heap may be blocking the growth of the native heap
# Possible solutions:
#   Reduce memory load on the system
#   Increase physical memory or swap space
#   Check if swap backing store is full
#   Decrease Java heap size (-Xmx/-Xms)
#   Decrease number of Java threads
#   Decrease Java thread stack sizes (-Xss)
#   Set larger code cache with -XX:ReservedCodeCacheSize=
#   JVM is running with Unscaled Compressed Oops mode in which the Java heap is
#     placed in the first 4GB address space. The Java Heap base address is the
#     maximum limit for the native heap growth. Please use -XX:HeapBaseMinAddress
#     to set the Java Heap base and to place the Java Heap above 4GB virtual address.
# This output file may be truncated or incomplete.
#
#  Out of Memory Error (./open/src/hotspot/share/memory/arena.cpp:197), pid=20100, tid=19192
#
# JRE version: Java(TM) SE Runtime Environment 18.9 (11.0.14+8) (build 11.0.14+8-LTS-263)
# Java VM: Java HotSpot(TM) 64-Bit Server VM 18.9 (11.0.14+8-LTS-263, mixed mode, tiered, compressed oops, g1 gc, windows-amd64)
# No core dump will be written. Minidumps are not enabled by default on client versions of Windows
#

---------------  S U M M A R Y ------------

Command Line: -XX:MaxMetaspaceSize=512m --add-opens=java.base/java.util=ALL-UNNAMED --add-opens=java.base/java.lang=ALL-UNNAMED --add-opens=java.base/java.lang.invoke=ALL-UNNAMED --add-opens=java.base/java.util=ALL-UNNAMED --add-opens=java.prefs/java.util.prefs=ALL-UNNAMED --add-opens=java.prefs/java.util.prefs=ALL-UNNAMED --add-opens=java.base/java.nio.charset=ALL-UNNAMED --add-opens=java.base/java.net=ALL-UNNAMED --add-opens=java.base/java.util.concurrent.atomic=ALL-UNNAMED -Xmx2048m -Dfile.encoding=windows-1252 -Duser.country=FR -Duser.language=fr -Duser.variant org.gradle.launcher.daemon.bootstrap.GradleDaemon 7.3.3

Host: Intel(R) Core(TM) i7-9750H CPU @ 2.60GHz, 12 cores, 15G,  Windows 10 , 64 bit Build 19041 (10.0.19041.1806)
Time: Wed Aug  3 17:23:17 2022 Paris, Madrid (heure d’été) elapsed time: 26.371988 seconds (0d 0h 0m 26s)

---------------  T H R E A D  ---------------

Current thread (0x0000020caa9a2000):  JavaThread "C2 CompilerThread0" daemon [_thread_in_native, id=19192, stack(0x000000eae8300000,0x000000eae8400000)]


Current CompileTask:
C2:  26372 8967 %     4       org.gradle.internal.instantiation.generator.AbstractClassGenerator::inspectType @ 107 (560 bytes)

Stack: [0x000000eae8300000,0x000000eae8400000]
Native frames: (J=compiled Java code, j=interpreted, Vv=VM code, C=native code)
V  [jvm.dll+0x6296da]
V  [jvm.dll+0x76323f]
V  [jvm.dll+0x7648e9]
V  [jvm.dll+0x764f73]
V  [jvm.dll+0x23d7c8]
V  [jvm.dll+0xb297c]
V  [jvm.dll+0xb2f3c]
V  [jvm.dll+0x2ae594]
V  [jvm.dll+0x53cec6]
V  [jvm.dll+0x1f9d75]
V  [jvm.dll+0x1f742d]
V  [jvm.dll+0x177b21]
V  [jvm.dll+0x206e26]
V  [jvm.dll+0x204fbb]
V  [jvm.dll+0x729170]
V  [jvm.dll+0x721d44]
V  [jvm.dll+0x6285d6]
C  [ucrtbase.dll+0x21bb2]
C  [KERNEL32.DLL+0x17034]
C  [ntdll.dll+0x52651]


---------------  P R O C E S S  ---------------

Threads class SMR info:
_java_thread_list=0x0000020cb01cc610, length=173, elements={
0x0000020c8bcaa000, 0x0000020caa935800, 0x0000020caa942000, 0x0000020caa952000,
0x0000020caa955800, 0x0000020caa99e800, 0x0000020caa9a2000, 0x0000020caa9a3000,
0x0000020caa9a6800, 0x0000020caab20800, 0x0000020cabd68000, 0x0000020cabd89000,
0x0000020cad347000, 0x0000020cad415800, 0x0000020cad51c800, 0x0000020cad741800,
0x0000020cabbd3000, 0x0000020cabffd800, 0x0000020caddfe800, 0x0000020cabd0b800,
0x0000020cabd0d000, 0x0000020cabd0c000, 0x0000020cabd0d800, 0x0000020cabd08000,
0x0000020cabd0e800, 0x0000020cabd09000, 0x0000020cabd09800, 0x0000020cabd0a800,
0x0000020cb03cb000, 0x0000020cb03cc000, 0x0000020cb03c8000, 0x0000020cb03c8800,
0x0000020cb03cd000, 0x0000020cb03d1800, 0x0000020cb03d3800, 0x0000020cb03ce800,
0x0000020cb03cf800, 0x0000020cb03d1000, 0x0000020cb03d0000, 0x0000020cb03cd800,
0x0000020cb03d4000, 0x0000020cb03d5000, 0x0000020cb03d2800, 0x0000020cb0b6e000,
0x0000020cb0b6f000, 0x0000020cb0b75800, 0x0000020cb0b6f800, 0x0000020cb0b74800,
0x0000020cb0b73800, 0x0000020cb0b70800, 0x0000020cb0b76000, 0x0000020cb0b71000,
0x0000020cb0b77000, 0x0000020cb0b78000, 0x0000020cb0b72000, 0x0000020cb0b78800,
0x0000020cb0b73000, 0x0000020cb0b79800, 0x0000020cb0b7c800, 0x0000020cb0b7a000,
0x0000020cb0b7b000, 0x0000020cb0b7c000, 0x0000020cac9a6800, 0x0000020cac9a5800,
0x0000020cac9a4000, 0x0000020cac9a7000, 0x0000020cac9a3000, 0x0000020cac9a4800,
0x0000020cac9a8000, 0x0000020cac9a2000, 0x0000020cac9a8800, 0x0000020cadff0000,
0x0000020cadfee000, 0x0000020cadfec000, 0x0000020cadff2000, 0x0000020cadfed000,
0x0000020cadff1000, 0x0000020cadff3800, 0x0000020cadff4800, 0x0000020cadff2800,
0x0000020cadfee800, 0x0000020cadff5000, 0x0000020cadfef800, 0x0000020cb01a3000,
0x0000020cb01a4000, 0x0000020cb019f000, 0x0000020cb019e800, 0x0000020cb01a9000,
0x0000020cb01a9800, 0x0000020cb01aa800, 0x0000020cb01a5000, 0x0000020cb01a5800,
0x0000020cb01a6800, 0x0000020cb01ad000, 0x0000020cb01ab800, 0x0000020cb01a7800,
0x0000020cb01ac000, 0x0000020cb01a8000, 0x0000020caba07800, 0x0000020caba06800,
0x0000020caba08800, 0x0000020caba0a000, 0x0000020caba04000, 0x0000020caba09000,
0x0000020caba0b000, 0x0000020caba05000, 0x0000020caba0b800, 0x0000020caba06000,
0x0000020caba12000, 0x0000020caba0f000, 0x0000020caba0f800, 0x0000020caba11800,
0x0000020caba0c800, 0x0000020caba13000, 0x0000020caba0d000, 0x0000020caba0e000,
0x0000020caba10800, 0x0000020cadff7800, 0x0000020cadffa000, 0x0000020cadffb000,
0x0000020cadff7000, 0x0000020cadff6000, 0x0000020cadff8800, 0x0000020cadff9000,
0x0000020cb01a0000, 0x0000020cb01a2800, 0x0000020cb01a0800, 0x0000020cb01a1800,
0x0000020cab2f8000, 0x0000020cab2f9000, 0x0000020cab2f3800, 0x0000020cab2fa000,
0x0000020cab2f5800, 0x0000020cab2f4000, 0x0000020cab2fa800, 0x0000020cab2f6800,
0x0000020cab2f7800, 0x0000020cab2f5000, 0x0000020cab2ff800, 0x0000020cab2fb800,
0x0000020cab301000, 0x0000020cab302000, 0x0000020cab2fe800, 0x0000020cab300800,
0x0000020cab2fd000, 0x0000020cab2fc800, 0x0000020cab2fe000, 0x0000020cb4682800,
0x0000020cb4683800, 0x0000020cb4680800, 0x0000020cb4686000, 0x0000020cb4684800,
0x0000020cb4685000, 0x0000020cb4687000, 0x0000020cb4681000, 0x0000020cb4687800,
0x0000020cb4682000, 0x0000020cb468b000, 0x0000020cb468e000, 0x0000020cb4688800,
0x0000020cb468a000, 0x0000020cb468f000, 0x0000020cb468b800, 0x0000020cb468c800,
0x0000020cb468d800, 0x0000020cb4689800, 0x0000020cb13ca800, 0x0000020cb13c8800,
0x0000020cb13cc800, 0x0000020cb13ca000, 0x0000020cb13cb800, 0x0000020cac8b3800,
0x0000020cac8ae800
}

Java Threads: ( => current thread )
  0x0000020c8bcaa000 JavaThread "main" [_thread_blocked, id=20288, stack(0x000000eae7700000,0x000000eae7800000)]
  0x0000020caa935800 JavaThread "Reference Handler" daemon [_thread_blocked, id=13156, stack(0x000000eae7e00000,0x000000eae7f00000)]
  0x0000020caa942000 JavaThread "Finalizer" daemon [_thread_blocked, id=28880, stack(0x000000eae7f00000,0x000000eae8000000)]
  0x0000020caa952000 JavaThread "Signal Dispatcher" daemon [_thread_blocked, id=15816, stack(0x000000eae8000000,0x000000eae8100000)]
  0x0000020caa955800 JavaThread "Attach Listener" daemon [_thread_blocked, id=26308, stack(0x000000eae8100000,0x000000eae8200000)]
  0x0000020caa99e800 JavaThread "Service Thread" daemon [_thread_blocked, id=3264, stack(0x000000eae8200000,0x000000eae8300000)]
=>0x0000020caa9a2000 JavaThread "C2 CompilerThread0" daemon [_thread_in_native, id=19192, stack(0x000000eae8300000,0x000000eae8400000)]
  0x0000020caa9a3000 JavaThread "C1 CompilerThread0" daemon [_thread_blocked, id=21444, stack(0x000000eae8400000,0x000000eae8500000)]
  0x0000020caa9a6800 JavaThread "Sweeper thread" daemon [_thread_blocked, id=28204, stack(0x000000eae8500000,0x000000eae8600000)]
  0x0000020caab20800 JavaThread "Common-Cleaner" daemon [_thread_blocked, id=29624, stack(0x000000eae8600000,0x000000eae8700000)]
  0x0000020cabd68000 JavaThread "Daemon health stats" [_thread_blocked, id=14256, stack(0x000000eae8f00000,0x000000eae9000000)]
  0x0000020cabd89000 JavaThread "Incoming local TCP Connector on port 49204" [_thread_in_native, id=23600, stack(0x000000eae8800000,0x000000eae8900000)]
  0x0000020cad347000 JavaThread "Daemon periodic checks" [_thread_blocked, id=26640, stack(0x000000eae8900000,0x000000eae8a00000)]
  0x0000020cad415800 JavaThread "Daemon" [_thread_blocked, id=468, stack(0x000000eae9000000,0x000000eae9100000)]
  0x0000020cad51c800 JavaThread "Handler for socket connection from /127.0.0.1:49204 to /127.0.0.1:49205" [_thread_in_native, id=20640, stack(0x000000eae9100000,0x000000eae9200000)]
  0x0000020cad741800 JavaThread "Cancel handler" [_thread_blocked, id=13364, stack(0x000000eae9200000,0x000000eae9300000)]
  0x0000020cabbd3000 JavaThread "Daemon worker" [_thread_in_vm, id=10580, stack(0x000000eae9300000,0x000000eae9400000)]
  0x0000020cabffd800 JavaThread "Asynchronous log dispatcher for DefaultDaemonConnection: socket connection from /127.0.0.1:49204 to /127.0.0.1:49205" [_thread_blocked, id=24228, stack(0x000000eae9400000,0x000000eae9500000)]
  0x0000020caddfe800 JavaThread "Stdin handler" [_thread_blocked, id=6360, stack(0x000000eae9500000,0x000000eae9600000)]
  0x0000020cabd0b800 JavaThread "Daemon client event forwarder" [_thread_blocked, id=20872, stack(0x000000eae9600000,0x000000eae9700000)]
  0x0000020cabd0d000 JavaThread "Cache worker for journal cache (C:\Users\riple\.gradle\caches\journal-1)" [_thread_blocked, id=15592, stack(0x000000eae9b00000,0x000000eae9c00000)]
  0x0000020cabd0c000 JavaThread "File lock request listener" [_thread_in_native, id=10992, stack(0x000000eae9c00000,0x000000eae9d00000)]
  0x0000020cabd0d800 JavaThread "Cache worker for file hash cache (C:\Users\riple\.gradle\caches\7.3.3\fileHashes)" [_thread_blocked, id=17688, stack(0x000000eae9d00000,0x000000eae9e00000)]
  0x0000020cabd08000 JavaThread "Cache worker for file hash cache (E:\laragon\www\10-PARTIELS\DEV3\fin-etudes\KiroulouApp\android\.gradle\7.3.3\fileHashes)" [_thread_blocked, id=13124, stack(0x000000eaea200000,0x000000eaea300000)]
  0x0000020cabd0e800 JavaThread "File watcher server" daemon [_thread_in_native, id=20608, stack(0x000000eaea300000,0x000000eaea400000)]
  0x0000020cabd09000 JavaThread "File watcher consumer" daemon [_thread_blocked, id=10720, stack(0x000000eaea400000,0x000000eaea500000)]
  0x0000020cabd09800 JavaThread "Cache worker for checksums cache (E:\laragon\www\10-PARTIELS\DEV3\fin-etudes\KiroulouApp\android\.gradle\7.3.3\checksums)" [_thread_blocked, id=28184, stack(0x000000eaea500000,0x000000eaea600000)]
  0x0000020cabd0a800 JavaThread "Cache worker for cache directory md-supplier (C:\Users\riple\.gradle\caches\7.3.3\md-supplier)" [_thread_blocked, id=3956, stack(0x000000eaea600000,0x000000eaea700000)]
  0x0000020cb03cb000 JavaThread "Cache worker for cache directory md-rule (C:\Users\riple\.gradle\caches\7.3.3\md-rule)" [_thread_blocked, id=4292, stack(0x000000eaea700000,0x000000eaea800000)]
  0x0000020cb03cc000 JavaThread "Cache worker for execution history cache (C:\Users\riple\.gradle\caches\7.3.3\executionHistory)" [_thread_blocked, id=17708, stack(0x000000eaea800000,0x000000eaea900000)]
  0x0000020cb03c8000 JavaThread "jar transforms" [_thread_blocked, id=16944, stack(0x000000eaea900000,0x000000eaeaa00000)]
  0x0000020cb03c8800 JavaThread "jar transforms Thread 2" [_thread_blocked, id=28832, stack(0x000000eaeaa00000,0x000000eaeab00000)]
  0x0000020cb03cd000 JavaThread "Cache worker for file content cache (C:\Users\riple\.gradle\caches\7.3.3\fileContent)" [_thread_blocked, id=27976, stack(0x000000eaeab00000,0x000000eaeac00000)]
  0x0000020cb03d1800 JavaThread "jar transforms Thread 3" [_thread_blocked, id=9576, stack(0x000000eaeac00000,0x000000eaead00000)]
  0x0000020cb03d3800 JavaThread "jar transforms Thread 4" [_thread_blocked, id=24676, stack(0x000000eaead00000,0x000000eaeae00000)]
  0x0000020cb03ce800 JavaThread "Cache worker for kotlin-dsl (C:\Users\riple\.gradle\caches\7.3.3\kotlin-dsl)" [_thread_blocked, id=28484, stack(0x000000eaeae00000,0x000000eaeaf00000)]
  0x0000020cb03cf800 JavaThread "jar transforms Thread 5" [_thread_blocked, id=22388, stack(0x000000eaeaf00000,0x000000eaeb000000)]
  0x0000020cb03d1000 JavaThread "jar transforms Thread 6" [_thread_blocked, id=26768, stack(0x000000eaeb000000,0x000000eaeb100000)]
  0x0000020cb03d0000 JavaThread "Cache worker for dependencies-accessors (E:\laragon\www\10-PARTIELS\DEV3\fin-etudes\KiroulouApp\android\.gradle\7.3.3\dependencies-accessors)" [_thread_blocked, id=26908, stack(0x000000eaeb100000,0x000000eaeb200000)]
  0x0000020cb03cd800 JavaThread "Cache worker for Build Output Cleanup Cache (E:\laragon\www\10-PARTIELS\DEV3\fin-etudes\KiroulouApp\node_modules\react-native-gradle-plugin\.gradle\buildOutputCleanup)" [_thread_blocked, id=15764, stack(0x000000eaeb200000,0x000000eaeb300000)]
  0x0000020cb03d4000 JavaThread "jar transforms Thread 7" [_thread_blocked, id=21324, stack(0x000000eaeb300000,0x000000eaeb400000)]
  0x0000020cb03d5000 JavaThread "Unconstrained build operations" [_thread_blocked, id=13352, stack(0x000000eaeb400000,0x000000eaeb500000)]
  0x0000020cb03d2800 JavaThread "Unconstrained build operations Thread 2" [_thread_blocked, id=12412, stack(0x000000eaeb500000,0x000000eaeb600000)]
  0x0000020cb0b6e000 JavaThread "Unconstrained build operations Thread 3" [_thread_blocked, id=22944, stack(0x000000eaeb600000,0x000000eaeb700000)]
  0x0000020cb0b6f000 JavaThread "Unconstrained build operations Thread 4" [_thread_blocked, id=17988, stack(0x000000eaeb700000,0x000000eaeb800000)]
  0x0000020cb0b75800 JavaThread "Unconstrained build operations Thread 5" [_thread_blocked, id=18784, stack(0x000000eaeb800000,0x000000eaeb900000)]
  0x0000020cb0b6f800 JavaThread "Unconstrained build operations Thread 6" [_thread_blocked, id=23668, stack(0x000000eaeb900000,0x000000eaeba00000)]
  0x0000020cb0b74800 JavaThread "Unconstrained build operations Thread 7" [_thread_blocked, id=28440, stack(0x000000eaeba00000,0x000000eaebb00000)]
  0x0000020cb0b73800 JavaThread "Unconstrained build operations Thread 8" [_thread_blocked, id=12932, stack(0x000000eaebb00000,0x000000eaebc00000)]
  0x0000020cb0b70800 JavaThread "Unconstrained build operations Thread 9" [_thread_blocked, id=5068, stack(0x000000eaebc00000,0x000000eaebd00000)]
  0x0000020cb0b76000 JavaThread "Unconstrained build operations Thread 10" [_thread_blocked, id=15600, stack(0x000000eaebd00000,0x000000eaebe00000)]
  0x0000020cb0b71000 JavaThread "Unconstrained build operations Thread 11" [_thread_blocked, id=21720, stack(0x000000eaebe00000,0x000000eaebf00000)]
  0x0000020cb0b77000 JavaThread "Unconstrained build operations Thread 12" [_thread_blocked, id=17004, stack(0x000000eaebf00000,0x000000eaec000000)]
  0x0000020cb0b78000 JavaThread "Unconstrained build operations Thread 13" [_thread_blocked, id=28780, stack(0x000000eaec000000,0x000000eaec100000)]
  0x0000020cb0b72000 JavaThread "Unconstrained build operations Thread 14" [_thread_blocked, id=22076, stack(0x000000eaec100000,0x000000eaec200000)]
  0x0000020cb0b78800 JavaThread "Unconstrained build operations Thread 15" [_thread_blocked, id=25896, stack(0x000000eaec200000,0x000000eaec300000)]
  0x0000020cb0b73000 JavaThread "Unconstrained build operations Thread 16" [_thread_blocked, id=5412, stack(0x000000eaec300000,0x000000eaec400000)]
  0x0000020cb0b79800 JavaThread "Unconstrained build operations Thread 17" [_thread_blocked, id=12692, stack(0x000000eaec400000,0x000000eaec500000)]
  0x0000020cb0b7c800 JavaThread "Unconstrained build operations Thread 18" [_thread_blocked, id=4356, stack(0x000000eaec500000,0x000000eaec600000)]
  0x0000020cb0b7a000 JavaThread "Unconstrained build operations Thread 19" [_thread_blocked, id=13600, stack(0x000000eaec600000,0x000000eaec700000)]
  0x0000020cb0b7b000 JavaThread "Unconstrained build operations Thread 20" [_thread_blocked, id=5252, stack(0x000000eaec700000,0x000000eaec800000)]
  0x0000020cb0b7c000 JavaThread "Unconstrained build operations Thread 21" [_thread_blocked, id=27428, stack(0x000000eaec800000,0x000000eaec900000)]
  0x0000020cac9a6800 JavaThread "Unconstrained build operations Thread 22" [_thread_blocked, id=31512, stack(0x000000eaec900000,0x000000eaeca00000)]
  0x0000020cac9a5800 JavaThread "Unconstrained build operations Thread 23" [_thread_blocked, id=18384, stack(0x000000eaeca00000,0x000000eaecb00000)]
  0x0000020cac9a4000 JavaThread "Unconstrained build operations Thread 24" [_thread_blocked, id=29728, stack(0x000000eaecb00000,0x000000eaecc00000)]
  0x0000020cac9a7000 JavaThread "Unconstrained build operations Thread 25" [_thread_blocked, id=19488, stack(0x000000eaecc00000,0x000000eaecd00000)]
  0x0000020cac9a3000 JavaThread "Unconstrained build operations Thread 26" [_thread_blocked, id=22432, stack(0x000000eaecd00000,0x000000eaece00000)]
  0x0000020cac9a4800 JavaThread "Unconstrained build operations Thread 27" [_thread_blocked, id=14688, stack(0x000000eaece00000,0x000000eaecf00000)]
  0x0000020cac9a8000 JavaThread "Unconstrained build operations Thread 28" [_thread_blocked, id=31608, stack(0x000000eaecf00000,0x000000eaed000000)]
  0x0000020cac9a2000 JavaThread "Unconstrained build operations Thread 29" [_thread_blocked, id=18088, stack(0x000000eaed000000,0x000000eaed100000)]
  0x0000020cac9a8800 JavaThread "Unconstrained build operations Thread 30" [_thread_blocked, id=26032, stack(0x000000eaed100000,0x000000eaed200000)]
  0x0000020cadff0000 JavaThread "Unconstrained build operations Thread 31" [_thread_blocked, id=28316, stack(0x000000eaed200000,0x000000eaed300000)]
  0x0000020cadfee000 JavaThread "Unconstrained build operations Thread 32" [_thread_blocked, id=12740, stack(0x000000eaed300000,0x000000eaed400000)]
  0x0000020cadfec000 JavaThread "Unconstrained build operations Thread 33" [_thread_blocked, id=21104, stack(0x000000eaed400000,0x000000eaed500000)]
  0x0000020cadff2000 JavaThread "jar transforms Thread 8" [_thread_blocked, id=3736, stack(0x000000eaed500000,0x000000eaed600000)]
  0x0000020cadfed000 JavaThread "jar transforms Thread 9" [_thread_blocked, id=4724, stack(0x000000eaed600000,0x000000eaed700000)]
  0x0000020cadff1000 JavaThread "jar transforms Thread 10" [_thread_blocked, id=28240, stack(0x000000eaed700000,0x000000eaed800000)]
  0x0000020cadff3800 JavaThread "jar transforms Thread 11" [_thread_blocked, id=19268, stack(0x000000eaed800000,0x000000eaed900000)]
  0x0000020cadff4800 JavaThread "jar transforms Thread 12" [_thread_blocked, id=15528, stack(0x000000eaed900000,0x000000eaeda00000)]
  0x0000020cadff2800 JavaThread "build event listener" [_thread_blocked, id=17244, stack(0x000000eaea100000,0x000000eaea200000)]
  0x0000020cadfee800 JavaThread "Memory manager" [_thread_blocked, id=21640, stack(0x000000eaeda00000,0x000000eaedb00000)]
  0x0000020cadff5000 JavaThread "Cache worker for Build Output Cleanup Cache (E:\laragon\www\10-PARTIELS\DEV3\fin-etudes\KiroulouApp\android\.gradle\buildOutputCleanup)" [_thread_blocked, id=17920, stack(0x000000eaedc00000,0x000000eaedd00000)]
  0x0000020cadfef800 JavaThread "included builds" [_thread_blocked, id=15300, stack(0x000000eaedd00000,0x000000eaede00000)]
  0x0000020cb01a3000 JavaThread "Cache worker for execution history cache (E:\laragon\www\10-PARTIELS\DEV3\fin-etudes\KiroulouApp\node_modules\react-native-gradle-plugin\.gradle\7.3.3\executionHistory)" [_thread_blocked, id=31504, stack(0x000000eaee900000,0x000000eaeea00000)]
  0x0000020cb01a4000 JavaThread "Unconstrained build operations Thread 34" [_thread_blocked, id=13076, stack(0x000000eaeea00000,0x000000eaeeb00000)]
  0x0000020cb019f000 JavaThread "Unconstrained build operations Thread 35" [_thread_blocked, id=18464, stack(0x000000eaeeb00000,0x000000eaeec00000)]
  0x0000020cb019e800 JavaThread "Unconstrained build operations Thread 36" [_thread_blocked, id=27548, stack(0x000000eaeec00000,0x000000eaeed00000)]
  0x0000020cb01a9000 JavaThread "Unconstrained build operations Thread 37" [_thread_blocked, id=22964, stack(0x000000eaeed00000,0x000000eaeee00000)]
  0x0000020cb01a9800 JavaThread "Unconstrained build operations Thread 38" [_thread_blocked, id=15468, stack(0x000000eaeee00000,0x000000eaeef00000)]
  0x0000020cb01aa800 JavaThread "Unconstrained build operations Thread 39" [_thread_blocked, id=22520, stack(0x000000eaeef00000,0x000000eaef000000)]
  0x0000020cb01a5000 JavaThread "Unconstrained build operations Thread 40" [_thread_blocked, id=20856, stack(0x000000eaef000000,0x000000eaef100000)]
  0x0000020cb01a5800 JavaThread "Unconstrained build operations Thread 41" [_thread_blocked, id=12984, stack(0x000000eaef100000,0x000000eaef200000)]
  0x0000020cb01a6800 JavaThread "Unconstrained build operations Thread 42" [_thread_blocked, id=20880, stack(0x000000eaef200000,0x000000eaef300000)]
  0x0000020cb01ad000 JavaThread "Unconstrained build operations Thread 43" [_thread_blocked, id=23352, stack(0x000000eaef300000,0x000000eaef400000)]
  0x0000020cb01ab800 JavaThread "Unconstrained build operations Thread 44" [_thread_blocked, id=30052, stack(0x000000eaef400000,0x000000eaef500000)]
  0x0000020cb01a7800 JavaThread "Unconstrained build operations Thread 45" [_thread_blocked, id=8468, stack(0x000000eaef500000,0x000000eaef600000)]
  0x0000020cb01ac000 JavaThread "Unconstrained build operations Thread 46" [_thread_blocked, id=22152, stack(0x000000eaef600000,0x000000eaef700000)]
  0x0000020cb01a8000 JavaThread "Unconstrained build operations Thread 47" [_thread_blocked, id=3096, stack(0x000000eaef700000,0x000000eaef800000)]
  0x0000020caba07800 JavaThread "Unconstrained build operations Thread 48" [_thread_blocked, id=15256, stack(0x000000eaef800000,0x000000eaef900000)]
  0x0000020caba06800 JavaThread "Unconstrained build operations Thread 49" [_thread_blocked, id=24720, stack(0x000000eaef900000,0x000000eaefa00000)]
  0x0000020caba08800 JavaThread "Unconstrained build operations Thread 50" [_thread_blocked, id=24696, stack(0x000000eaefa00000,0x000000eaefb00000)]
  0x0000020caba0a000 JavaThread "Unconstrained build operations Thread 51" [_thread_blocked, id=18164, stack(0x000000eaefb00000,0x000000eaefc00000)]
  0x0000020caba04000 JavaThread "Unconstrained build operations Thread 52" [_thread_blocked, id=17632, stack(0x000000eaefc00000,0x000000eaefd00000)]
  0x0000020caba09000 JavaThread "Unconstrained build operations Thread 53" [_thread_blocked, id=24940, stack(0x000000eaefd00000,0x000000eaefe00000)]
  0x0000020caba0b000 JavaThread "Unconstrained build operations Thread 54" [_thread_blocked, id=23580, stack(0x000000eaefe00000,0x000000eaeff00000)]
  0x0000020caba05000 JavaThread "Unconstrained build operations Thread 55" [_thread_blocked, id=7600, stack(0x000000eaeff00000,0x000000eaf0000000)]
  0x0000020caba0b800 JavaThread "Unconstrained build operations Thread 56" [_thread_blocked, id=27060, stack(0x000000eaede00000,0x000000eaedf00000)]
  0x0000020caba06000 JavaThread "Unconstrained build operations Thread 57" [_thread_blocked, id=20904, stack(0x000000eaedf00000,0x000000eaee000000)]
  0x0000020caba12000 JavaThread "Unconstrained build operations Thread 58" [_thread_blocked, id=3164, stack(0x000000eaee000000,0x000000eaee100000)]
  0x0000020caba0f000 JavaThread "Unconstrained build operations Thread 59" [_thread_blocked, id=29376, stack(0x000000eaee100000,0x000000eaee200000)]
  0x0000020caba0f800 JavaThread "Unconstrained build operations Thread 60" [_thread_blocked, id=30600, stack(0x000000eaee200000,0x000000eaee300000)]
  0x0000020caba11800 JavaThread "Unconstrained build operations Thread 61" [_thread_blocked, id=20956, stack(0x000000eaee300000,0x000000eaee400000)]
  0x0000020caba0c800 JavaThread "Unconstrained build operations Thread 62" [_thread_blocked, id=31012, stack(0x000000eaee400000,0x000000eaee500000)]
  0x0000020caba13000 JavaThread "Unconstrained build operations Thread 63" [_thread_blocked, id=30208, stack(0x000000eaee500000,0x000000eaee600000)]
  0x0000020caba0d000 JavaThread "Unconstrained build operations Thread 64" [_thread_blocked, id=19212, stack(0x000000eaee600000,0x000000eaee700000)]
  0x0000020caba0e000 JavaThread "Unconstrained build operations Thread 65" [_thread_blocked, id=23392, stack(0x000000eaee700000,0x000000eaee800000)]
  0x0000020caba10800 JavaThread "Unconstrained build operations Thread 66" [_thread_blocked, id=23688, stack(0x000000eaee800000,0x000000eaee900000)]
  0x0000020cadff7800 JavaThread "Unconstrained build operations Thread 67" [_thread_blocked, id=19356, stack(0x000000eaf0000000,0x000000eaf0100000)]
  0x0000020cadffa000 JavaThread "Unconstrained build operations Thread 68" [_thread_blocked, id=6828, stack(0x000000eaf0100000,0x000000eaf0200000)]
  0x0000020cadffb000 JavaThread "Unconstrained build operations Thread 69" [_thread_blocked, id=9940, stack(0x000000eaf0200000,0x000000eaf0300000)]
  0x0000020cadff7000 JavaThread "Unconstrained build operations Thread 70" [_thread_blocked, id=17524, stack(0x000000eaf0300000,0x000000eaf0400000)]
  0x0000020cadff6000 JavaThread "Unconstrained build operations Thread 71" [_thread_blocked, id=8384, stack(0x000000eaf0400000,0x000000eaf0500000)]
  0x0000020cadff8800 JavaThread "Unconstrained build operations Thread 72" [_thread_blocked, id=17272, stack(0x000000eaf0500000,0x000000eaf0600000)]
  0x0000020cadff9000 JavaThread "Unconstrained build operations Thread 73" [_thread_blocked, id=24812, stack(0x000000eaf0600000,0x000000eaf0700000)]
  0x0000020cb01a0000 JavaThread "Unconstrained build operations Thread 74" [_thread_blocked, id=15772, stack(0x000000eaf0700000,0x000000eaf0800000)]
  0x0000020cb01a2800 JavaThread "Unconstrained build operations Thread 75" [_thread_blocked, id=7024, stack(0x000000eaf0800000,0x000000eaf0900000)]
  0x0000020cb01a0800 JavaThread "Unconstrained build operations Thread 76" [_thread_blocked, id=16340, stack(0x000000eaf0900000,0x000000eaf0a00000)]
  0x0000020cb01a1800 JavaThread "Unconstrained build operations Thread 77" [_thread_blocked, id=6524, stack(0x000000eaf0a00000,0x000000eaf0b00000)]
  0x0000020cab2f8000 JavaThread "Unconstrained build operations Thread 78" [_thread_blocked, id=4452, stack(0x000000eaf0b00000,0x000000eaf0c00000)]
  0x0000020cab2f9000 JavaThread "Unconstrained build operations Thread 79" [_thread_blocked, id=444, stack(0x000000eaf0c00000,0x000000eaf0d00000)]
  0x0000020cab2f3800 JavaThread "Unconstrained build operations Thread 80" [_thread_blocked, id=10880, stack(0x000000eaf0d00000,0x000000eaf0e00000)]
  0x0000020cab2fa000 JavaThread "Unconstrained build operations Thread 81" [_thread_blocked, id=15000, stack(0x000000eaf0e00000,0x000000eaf0f00000)]
  0x0000020cab2f5800 JavaThread "Unconstrained build operations Thread 82" [_thread_blocked, id=30636, stack(0x000000eaf0f00000,0x000000eaf1000000)]
  0x0000020cab2f4000 JavaThread "Unconstrained build operations Thread 83" [_thread_blocked, id=2484, stack(0x000000eaf1000000,0x000000eaf1100000)]
  0x0000020cab2fa800 JavaThread "Unconstrained build operations Thread 84" [_thread_blocked, id=27500, stack(0x000000eaf1100000,0x000000eaf1200000)]
  0x0000020cab2f6800 JavaThread "Unconstrained build operations Thread 85" [_thread_blocked, id=1648, stack(0x000000eaf1200000,0x000000eaf1300000)]
  0x0000020cab2f7800 JavaThread "Unconstrained build operations Thread 86" [_thread_blocked, id=18952, stack(0x000000eaf1300000,0x000000eaf1400000)]
  0x0000020cab2f5000 JavaThread "Unconstrained build operations Thread 87" [_thread_blocked, id=26020, stack(0x000000eaf1400000,0x000000eaf1500000)]
  0x0000020cab2ff800 JavaThread "Unconstrained build operations Thread 88" [_thread_blocked, id=26604, stack(0x000000eaf1500000,0x000000eaf1600000)]
  0x0000020cab2fb800 JavaThread "Unconstrained build operations Thread 89" [_thread_blocked, id=19108, stack(0x000000eaf1600000,0x000000eaf1700000)]
  0x0000020cab301000 JavaThread "Unconstrained build operations Thread 90" [_thread_blocked, id=12296, stack(0x000000eaf1700000,0x000000eaf1800000)]
  0x0000020cab302000 JavaThread "Unconstrained build operations Thread 91" [_thread_blocked, id=21132, stack(0x000000eaf1800000,0x000000eaf1900000)]
  0x0000020cab2fe800 JavaThread "Unconstrained build operations Thread 92" [_thread_blocked, id=18700, stack(0x000000eaf1900000,0x000000eaf1a00000)]
  0x0000020cab300800 JavaThread "Unconstrained build operations Thread 93" [_thread_blocked, id=4232, stack(0x000000eaf1a00000,0x000000eaf1b00000)]
  0x0000020cab2fd000 JavaThread "Unconstrained build operations Thread 94" [_thread_blocked, id=25184, stack(0x000000eaf1b00000,0x000000eaf1c00000)]
  0x0000020cab2fc800 JavaThread "Unconstrained build operations Thread 95" [_thread_blocked, id=11248, stack(0x000000eaf1c00000,0x000000eaf1d00000)]
  0x0000020cab2fe000 JavaThread "Unconstrained build operations Thread 96" [_thread_blocked, id=3420, stack(0x000000eaf1d00000,0x000000eaf1e00000)]
  0x0000020cb4682800 JavaThread "Unconstrained build operations Thread 97" [_thread_blocked, id=31204, stack(0x000000eaf1e00000,0x000000eaf1f00000)]
  0x0000020cb4683800 JavaThread "Unconstrained build operations Thread 98" [_thread_blocked, id=22596, stack(0x000000eaf1f00000,0x000000eaf2000000)]
  0x0000020cb4680800 JavaThread "Unconstrained build operations Thread 99" [_thread_blocked, id=3996, stack(0x000000eaf2000000,0x000000eaf2100000)]
  0x0000020cb4686000 JavaThread "Unconstrained build operations Thread 100" [_thread_blocked, id=31164, stack(0x000000eaf2100000,0x000000eaf2200000)]
  0x0000020cb4684800 JavaThread "Unconstrained build operations Thread 101" [_thread_blocked, id=9696, stack(0x000000eaf2200000,0x000000eaf2300000)]
  0x0000020cb4685000 JavaThread "Unconstrained build operations Thread 102" [_thread_blocked, id=27320, stack(0x000000eaf2300000,0x000000eaf2400000)]
  0x0000020cb4687000 JavaThread "Unconstrained build operations Thread 103" [_thread_blocked, id=25632, stack(0x000000eaf2400000,0x000000eaf2500000)]
  0x0000020cb4681000 JavaThread "Unconstrained build operations Thread 104" [_thread_blocked, id=25108, stack(0x000000eaf2500000,0x000000eaf2600000)]
  0x0000020cb4687800 JavaThread "Unconstrained build operations Thread 105" [_thread_blocked, id=15780, stack(0x000000eaf2600000,0x000000eaf2700000)]
  0x0000020cb4682000 JavaThread "Unconstrained build operations Thread 106" [_thread_blocked, id=1080, stack(0x000000eaf2700000,0x000000eaf2800000)]
  0x0000020cb468b000 JavaThread "Unconstrained build operations Thread 107" [_thread_blocked, id=22948, stack(0x000000eaf2800000,0x000000eaf2900000)]
  0x0000020cb468e000 JavaThread "Unconstrained build operations Thread 108" [_thread_blocked, id=17924, stack(0x000000eaf2900000,0x000000eaf2a00000)]
  0x0000020cb4688800 JavaThread "Unconstrained build operations Thread 109" [_thread_blocked, id=25824, stack(0x000000eaf2a00000,0x000000eaf2b00000)]
  0x0000020cb468a000 JavaThread "Unconstrained build operations Thread 110" [_thread_blocked, id=1520, stack(0x000000eaf2b00000,0x000000eaf2c00000)]
  0x0000020cb468f000 JavaThread "Unconstrained build operations Thread 111" [_thread_blocked, id=17228, stack(0x000000eaf2c00000,0x000000eaf2d00000)]
  0x0000020cb468b800 JavaThread "Unconstrained build operations Thread 112" [_thread_blocked, id=24456, stack(0x000000eaf2d00000,0x000000eaf2e00000)]
  0x0000020cb468c800 JavaThread "Unconstrained build operations Thread 113" [_thread_blocked, id=30168, stack(0x000000eaf2e00000,0x000000eaf2f00000)]
  0x0000020cb468d800 JavaThread "Unconstrained build operations Thread 114" [_thread_blocked, id=14644, stack(0x000000eaf2f00000,0x000000eaf3000000)]
  0x0000020cb4689800 JavaThread "Unconstrained build operations Thread 115" [_thread_blocked, id=12152, stack(0x000000eaf3000000,0x000000eaf3100000)]
  0x0000020cb13ca800 JavaThread "Unconstrained build operations Thread 116" [_thread_blocked, id=4152, stack(0x000000eaf3100000,0x000000eaf3200000)]
  0x0000020cb13c8800 JavaThread "Unconstrained build operations Thread 117" [_thread_blocked, id=25444, stack(0x000000eaf3200000,0x000000eaf3300000)]
  0x0000020cb13cc800 JavaThread "Unconstrained build operations Thread 118" [_thread_blocked, id=12492, stack(0x000000eaf3300000,0x000000eaf3400000)]
  0x0000020cb13ca000 JavaThread "Unconstrained build operations Thread 119" [_thread_blocked, id=4120, stack(0x000000eaf3400000,0x000000eaf3500000)]
  0x0000020cb13cb800 JavaThread "Unconstrained build operations Thread 120" [_thread_blocked, id=26312, stack(0x000000eaf3500000,0x000000eaf3600000)]
  0x0000020cac8b3800 JavaThread "C2 CompilerThread1" daemon [_thread_in_native, id=1960, stack(0x000000eaea000000,0x000000eaea100000)]
  0x0000020cac8ae800 JavaThread "C2 CompilerThread2" daemon [_thread_in_native, id=13912, stack(0x000000eaedb00000,0x000000eaedc00000)]

Other Threads:
  0x0000020caa931800 VMThread "VM Thread" [stack: 0x000000eae7d00000,0x000000eae7e00000] [id=18852]
  0x0000020caab1d800 WatcherThread [stack: 0x000000eae8700000,0x000000eae8800000] [id=16152]
  0x0000020c8bcc0000 GCTaskThread "GC Thread#0" [stack: 0x000000eae7800000,0x000000eae7900000] [id=18956]
  0x0000020cab823000 GCTaskThread "GC Thread#1" [stack: 0x000000eae8a00000,0x000000eae8b00000] [id=24752]
  0x0000020cab824000 GCTaskThread "GC Thread#2" [stack: 0x000000eae8b00000,0x000000eae8c00000] [id=29248]
  0x0000020cab7b9000 GCTaskThread "GC Thread#3" [stack: 0x000000eae8c00000,0x000000eae8d00000] [id=11464]
  0x0000020cab7b9800 GCTaskThread "GC Thread#4" [stack: 0x000000eae8d00000,0x000000eae8e00000] [id=1624]
  0x0000020cab809000 GCTaskThread "GC Thread#5" [stack: 0x000000eae8e00000,0x000000eae8f00000] [id=22284]
  0x0000020cadc84800 GCTaskThread "GC Thread#6" [stack: 0x000000eae9700000,0x000000eae9800000] [id=24856]
  0x0000020cad1ca800 GCTaskThread "GC Thread#7" [stack: 0x000000eae9800000,0x000000eae9900000] [id=14604]
  0x0000020cabbe7000 GCTaskThread "GC Thread#8" [stack: 0x000000eae9900000,0x000000eae9a00000] [id=5348]
  0x0000020cac999800 GCTaskThread "GC Thread#9" [stack: 0x000000eae9a00000,0x000000eae9b00000] [id=23684]
  0x0000020c8bcf2800 ConcurrentGCThread "G1 Main Marker" [stack: 0x000000eae7900000,0x000000eae7a00000] [id=28620]
  0x0000020c8bcf3800 ConcurrentGCThread "G1 Conc#0" [stack: 0x000000eae7a00000,0x000000eae7b00000] [id=22184]
  0x0000020caddb0800 ConcurrentGCThread "G1 Conc#1" [stack: 0x000000eae9e00000,0x000000eae9f00000] [id=14668]
  0x0000020caddb1000 ConcurrentGCThread "G1 Conc#2" [stack: 0x000000eae9f00000,0x000000eaea000000] [id=26144]
  0x0000020ca9f9e800 ConcurrentGCThread "G1 Refine#0" [stack: 0x000000eae7b00000,0x000000eae7c00000] [id=1376]
  0x0000020cae75e800 ConcurrentGCThread "G1 Refine#1" [stack: 0x000000eaf3600000,0x000000eaf3700000] [id=18000]
  0x0000020cb3480800 ConcurrentGCThread "G1 Refine#2" [stack: 0x000000eaf3700000,0x000000eaf3800000] [id=27844]
  0x0000020cadc7b000 ConcurrentGCThread "G1 Refine#3" [stack: 0x000000eaf3800000,0x000000eaf3900000] [id=14836]
  0x0000020cb15f4800 ConcurrentGCThread "G1 Refine#4" [stack: 0x000000eaf3900000,0x000000eaf3a00000] [id=26608]
  0x0000020ca9f9f000 ConcurrentGCThread "G1 Young RemSet Sampling" [stack: 0x000000eae7c00000,0x000000eae7d00000] [id=17124]

Threads with active compile tasks:
C2 CompilerThread0  26452 8967 %     4       org.gradle.internal.instantiation.generator.AbstractClassGenerator::inspectType @ 107 (560 bytes)
C2 CompilerThread1  26452 8886   !   4       com.sun.beans.TypeResolver::resolve (261 bytes)
C2 CompilerThread2  26452 8979 %     4       groovy.lang.MetaClassImpl::inheritInterfaceNewMetaMethods @ 100 (195 bytes)

VM state:at safepoint (normal execution)

VM Mutex/Monitor currently owned by a thread:  ([mutex/lock_event])
[0x0000020c8bca5f50] Threads_lock - owner thread: 0x0000020caa931800
[0x0000020c8bca9670] Compile_lock - owner thread: 0x0000020cabbd3000

Heap address: 0x0000000080000000, size: 2048 MB, Compressed Oops mode: 32-bit
Narrow klass base: 0x0000000000000000, Narrow klass shift: 3
Compressed class space size: 528482304 Address: 0x0000000100000000

Heap:
 garbage-first heap   total 260096K, used 181531K [0x0000000080000000, 0x0000000100000000)
  region size 1024K, 121 young (123904K), 18 survivors (18432K)
 Metaspace       used 80776K, capacity 83464K, committed 83656K, reserved 589824K
  class space    used 10571K, capacity 11609K, committed 11648K, reserved 516096K
Heap Regions: E=young(eden), S=young(survivor), O=old, HS=humongous(starts), HC=humongous(continues), CS=collection set, F=free, A=archive, TAMS=top-at-mark-start (previous, next)
|   0|0x0000000080000000, 0x0000000080100000, 0x0000000080100000|100%| O|  |TAMS 0x0000000080100000, 0x0000000080000000| Untracked 
|   1|0x0000000080100000, 0x0000000080200000, 0x0000000080200000|100%| O|  |TAMS 0x0000000080200000, 0x0000000080100000| Untracked 
|   2|0x0000000080200000, 0x0000000080300000, 0x0000000080300000|100%| O|  |TAMS 0x0000000080300000, 0x0000000080200000| Untracked 
|   3|0x0000000080300000, 0x0000000080400000, 0x0000000080400000|100%|HS|  |TAMS 0x0000000080400000, 0x0000000080300000| Complete 
|   4|0x0000000080400000, 0x0000000080500000, 0x0000000080500000|100%|HC|  |TAMS 0x0000000080500000, 0x0000000080400000| Complete 
|   5|0x0000000080500000, 0x0000000080600000, 0x0000000080600000|100%|HC|  |TAMS 0x0000000080600000, 0x0000000080500000| Complete 
|   6|0x0000000080600000, 0x0000000080700000, 0x0000000080700000|100%| O|  |TAMS 0x0000000080700000, 0x0000000080600000| Untracked 
|   7|0x0000000080700000, 0x0000000080800000, 0x0000000080800000|100%| O|  |TAMS 0x0000000080800000, 0x0000000080700000| Untracked 
|   8|0x0000000080800000, 0x0000000080900000, 0x0000000080900000|100%| O|  |TAMS 0x0000000080900000, 0x0000000080800000| Untracked 
|   9|0x0000000080900000, 0x0000000080a00000, 0x0000000080a00000|100%| O|  |TAMS 0x0000000080a00000, 0x0000000080900000| Untracked 
|  10|0x0000000080a00000, 0x0000000080b00000, 0x0000000080b00000|100%| O|  |TAMS 0x0000000080b00000, 0x0000000080a00000| Untracked 
|  11|0x0000000080b00000, 0x0000000080c00000, 0x0000000080c00000|100%| O|  |TAMS 0x0000000080c00000, 0x0000000080b00000| Untracked 
|  12|0x0000000080c00000, 0x0000000080d00000, 0x0000000080d00000|100%| O|  |TAMS 0x0000000080d00000, 0x0000000080c00000| Untracked 
|  13|0x0000000080d00000, 0x0000000080e00000, 0x0000000080e00000|100%| O|  |TAMS 0x0000000080e00000, 0x0000000080d00000| Untracked 
|  14|0x0000000080e00000, 0x0000000080f00000, 0x0000000080f00000|100%| O|  |TAMS 0x0000000080f00000, 0x0000000080e00000| Untracked 
|  15|0x0000000080f00000, 0x0000000081000000, 0x0000000081000000|100%| O|  |TAMS 0x0000000081000000, 0x0000000080f00000| Untracked 
|  16|0x0000000081000000, 0x0000000081100000, 0x0000000081100000|100%| O|  |TAMS 0x0000000081100000, 0x0000000081000000| Untracked 
|  17|0x0000000081100000, 0x0000000081200000, 0x0000000081200000|100%| O|  |TAMS 0x0000000081200000, 0x0000000081100000| Untracked 
|  18|0x0000000081200000, 0x0000000081300000, 0x0000000081300000|100%|HS|  |TAMS 0x0000000081300000, 0x0000000081200000| Complete 
|  19|0x0000000081300000, 0x0000000081400000, 0x0000000081400000|100%|HS|  |TAMS 0x0000000081400000, 0x0000000081300000| Complete 
|  20|0x0000000081400000, 0x0000000081500000, 0x0000000081500000|100%|HC|  |TAMS 0x0000000081500000, 0x0000000081400000| Complete 
|  21|0x0000000081500000, 0x0000000081600000, 0x0000000081600000|100%|HC|  |TAMS 0x0000000081600000, 0x0000000081500000| Complete 
|  22|0x0000000081600000, 0x0000000081700000, 0x0000000081700000|100%| O|  |TAMS 0x0000000081700000, 0x0000000081600000| Untracked 
|  23|0x0000000081700000, 0x0000000081800000, 0x0000000081800000|100%| O|  |TAMS 0x0000000081800000, 0x0000000081700000| Untracked 
|  24|0x0000000081800000, 0x0000000081900000, 0x0000000081900000|100%| O|  |TAMS 0x0000000081900000, 0x0000000081800000| Untracked 
|  25|0x0000000081900000, 0x0000000081a00000, 0x0000000081a00000|100%| O|  |TAMS 0x0000000081a00000, 0x0000000081900000| Untracked 
|  26|0x0000000081a00000, 0x0000000081b00000, 0x0000000081b00000|100%| O|  |TAMS 0x0000000081b00000, 0x0000000081a00000| Untracked 
|  27|0x0000000081b00000, 0x0000000081c00000, 0x0000000081c00000|100%| O|  |TAMS 0x0000000081c00000, 0x0000000081b00000| Untracked 
|  28|0x0000000081c00000, 0x0000000081d00000, 0x0000000081d00000|100%| O|  |TAMS 0x0000000081d00000, 0x0000000081c00000| Untracked 
|  29|0x0000000081d00000, 0x0000000081e00000, 0x0000000081e00000|100%| O|  |TAMS 0x0000000081e00000, 0x0000000081d00000| Untracked 
|  30|0x0000000081e00000, 0x0000000081f00000, 0x0000000081f00000|100%| O|  |TAMS 0x0000000081f00000, 0x0000000081e00000| Untracked 
|  31|0x0000000081f00000, 0x0000000082000000, 0x0000000082000000|100%| O|  |TAMS 0x0000000082000000, 0x0000000081f00000| Untracked 
|  32|0x0000000082000000, 0x0000000082100000, 0x0000000082100000|100%| O|  |TAMS 0x0000000082100000, 0x0000000082000000| Untracked 
|  33|0x0000000082100000, 0x0000000082200000, 0x0000000082200000|100%| O|  |TAMS 0x00000000821e8000, 0x0000000082100000| Untracked 
|  34|0x0000000082200000, 0x0000000082300000, 0x0000000082300000|100%| O|  |TAMS 0x0000000082200000, 0x0000000082200000| Untracked 
|  35|0x0000000082300000, 0x0000000082400000, 0x0000000082400000|100%| O|  |TAMS 0x0000000082300000, 0x0000000082300000| Untracked 
|  36|0x0000000082400000, 0x0000000082500000, 0x0000000082500000|100%| O|  |TAMS 0x0000000082400000, 0x0000000082400000| Untracked 
|  37|0x0000000082500000, 0x0000000082600000, 0x0000000082600000|100%| O|  |TAMS 0x0000000082500000, 0x0000000082500000| Untracked 
|  38|0x0000000082600000, 0x0000000082700000, 0x0000000082700000|100%| O|  |TAMS 0x0000000082600000, 0x0000000082600000| Untracked 
|  39|0x0000000082700000, 0x0000000082800000, 0x0000000082800000|100%| O|  |TAMS 0x0000000082700000, 0x0000000082700000| Untracked 
|  40|0x0000000082800000, 0x0000000082900000, 0x0000000082900000|100%| O|  |TAMS 0x0000000082800000, 0x0000000082800000| Untracked 
|  41|0x0000000082900000, 0x0000000082a00000, 0x0000000082a00000|100%| O|  |TAMS 0x0000000082900000, 0x0000000082900000| Untracked 
|  42|0x0000000082a00000, 0x0000000082b00000, 0x0000000082b00000|100%|HS|  |TAMS 0x0000000082a00000, 0x0000000082a00000| Complete 
|  43|0x0000000082b00000, 0x0000000082c00000, 0x0000000082c00000|100%|HS|  |TAMS 0x0000000082b00000, 0x0000000082b00000| Complete 
|  44|0x0000000082c00000, 0x0000000082d00000, 0x0000000082d00000|100%|HS|  |TAMS 0x0000000082c00000, 0x0000000082c00000| Complete 
|  45|0x0000000082d00000, 0x0000000082e00000, 0x0000000082e00000|100%|HS|  |TAMS 0x0000000082d00000, 0x0000000082d00000| Complete 
|  46|0x0000000082e00000, 0x0000000082f00000, 0x0000000082f00000|100%|HS|  |TAMS 0x0000000082e00000, 0x0000000082e00000| Complete 
|  47|0x0000000082f00000, 0x0000000083000000, 0x0000000083000000|100%|HC|  |TAMS 0x0000000082f00000, 0x0000000082f00000| Complete 
|  48|0x0000000083000000, 0x0000000083100000, 0x0000000083100000|100%|HC|  |TAMS 0x0000000083000000, 0x0000000083000000| Complete 
|  49|0x0000000083100000, 0x0000000083200000, 0x0000000083200000|100%|HS|  |TAMS 0x0000000083100000, 0x0000000083100000| Complete 
|  50|0x0000000083200000, 0x0000000083300000, 0x0000000083300000|100%|HC|  |TAMS 0x0000000083200000, 0x0000000083200000| Complete 
|  51|0x0000000083300000, 0x0000000083400000, 0x0000000083400000|100%| O|  |TAMS 0x0000000083300000, 0x0000000083300000| Untracked 
|  52|0x0000000083400000, 0x0000000083500000, 0x0000000083500000|100%| O|  |TAMS 0x0000000083400000, 0x0000000083400000| Untracked 
|  53|0x0000000083500000, 0x0000000083600000, 0x0000000083600000|100%| O|  |TAMS 0x0000000083500000, 0x0000000083500000| Untracked 
|  54|0x0000000083600000, 0x0000000083700000, 0x0000000083700000|100%| O|  |TAMS 0x0000000083600000, 0x0000000083600000| Untracked 
|  55|0x0000000083700000, 0x0000000083800000, 0x0000000083800000|100%| O|  |TAMS 0x0000000083700000, 0x0000000083700000| Untracked 
|  56|0x0000000083800000, 0x0000000083900000, 0x0000000083900000|100%| O|  |TAMS 0x0000000083800000, 0x0000000083800000| Untracked 
|  57|0x0000000083900000, 0x0000000083946e00, 0x0000000083a00000| 27%| O|  |TAMS 0x0000000083900000, 0x0000000083900000| Untracked 
|  58|0x0000000083a00000, 0x0000000083b00000, 0x0000000083b00000|100%|HS|  |TAMS 0x0000000083a00000, 0x0000000083a00000| Complete 
|  59|0x0000000083b00000, 0x0000000083b00000, 0x0000000083c00000|  0%| F|  |TAMS 0x0000000083b00000, 0x0000000083b00000| Untracked 
|  60|0x0000000083c00000, 0x0000000083c00000, 0x0000000083d00000|  0%| F|  |TAMS 0x0000000083c00000, 0x0000000083c00000| Untracked 
|  61|0x0000000083d00000, 0x0000000083d00000, 0x0000000083e00000|  0%| F|  |TAMS 0x0000000083d00000, 0x0000000083d00000| Untracked 
|  62|0x0000000083e00000, 0x0000000083e00000, 0x0000000083f00000|  0%| F|  |TAMS 0x0000000083e00000, 0x0000000083e00000| Untracked 
|  63|0x0000000083f00000, 0x0000000083f00000, 0x0000000084000000|  0%| F|  |TAMS 0x0000000083f00000, 0x0000000083f00000| Untracked 
|  64|0x0000000084000000, 0x0000000084000000, 0x0000000084100000|  0%| F|  |TAMS 0x0000000084000000, 0x0000000084000000| Untracked 
|  65|0x0000000084100000, 0x0000000084100000, 0x0000000084200000|  0%| F|  |TAMS 0x0000000084100000, 0x0000000084100000| Untracked 
|  66|0x0000000084200000, 0x0000000084200000, 0x0000000084300000|  0%| F|  |TAMS 0x0000000084200000, 0x0000000084200000| Untracked 
|  67|0x0000000084300000, 0x0000000084300000, 0x0000000084400000|  0%| F|  |TAMS 0x0000000084300000, 0x0000000084300000| Untracked 
|  68|0x0000000084400000, 0x0000000084400000, 0x0000000084500000|  0%| F|  |TAMS 0x0000000084400000, 0x0000000084400000| Untracked 
|  69|0x0000000084500000, 0x0000000084500000, 0x0000000084600000|  0%| F|  |TAMS 0x0000000084500000, 0x0000000084500000| Untracked 
|  70|0x0000000084600000, 0x0000000084600000, 0x0000000084700000|  0%| F|  |TAMS 0x0000000084600000, 0x0000000084600000| Untracked 
|  71|0x0000000084700000, 0x0000000084700000, 0x0000000084800000|  0%| F|  |TAMS 0x0000000084700000, 0x0000000084700000| Untracked 
|  72|0x0000000084800000, 0x0000000084800000, 0x0000000084900000|  0%| F|  |TAMS 0x0000000084800000, 0x0000000084800000| Untracked 
|  73|0x0000000084900000, 0x0000000084900000, 0x0000000084a00000|  0%| F|  |TAMS 0x0000000084900000, 0x0000000084900000| Untracked 
|  74|0x0000000084a00000, 0x0000000084a00000, 0x0000000084b00000|  0%| F|  |TAMS 0x0000000084a00000, 0x0000000084a00000| Untracked 
|  75|0x0000000084b00000, 0x0000000084b00000, 0x0000000084c00000|  0%| F|  |TAMS 0x0000000084b00000, 0x0000000084b00000| Untracked 
|  76|0x0000000084c00000, 0x0000000084c00000, 0x0000000084d00000|  0%| F|  |TAMS 0x0000000084c00000, 0x0000000084c00000| Untracked 
|  77|0x0000000084d00000, 0x0000000084d00000, 0x0000000084e00000|  0%| F|  |TAMS 0x0000000084d00000, 0x0000000084d00000| Untracked 
|  78|0x0000000084e00000, 0x0000000084e00000, 0x0000000084f00000|  0%| F|  |TAMS 0x0000000084e00000, 0x0000000084e00000| Untracked 
|  79|0x0000000084f00000, 0x0000000084f00000, 0x0000000085000000|  0%| F|  |TAMS 0x0000000084f00000, 0x0000000084f00000| Untracked 
|  80|0x0000000085000000, 0x0000000085000000, 0x0000000085100000|  0%| F|  |TAMS 0x0000000085000000, 0x0000000085000000| Untracked 
|  81|0x0000000085100000, 0x0000000085100000, 0x0000000085200000|  0%| F|  |TAMS 0x0000000085100000, 0x0000000085100000| Untracked 
|  82|0x0000000085200000, 0x0000000085200000, 0x0000000085300000|  0%| F|  |TAMS 0x0000000085200000, 0x0000000085200000| Untracked 
|  83|0x0000000085300000, 0x0000000085300000, 0x0000000085400000|  0%| F|  |TAMS 0x0000000085300000, 0x0000000085300000| Untracked 
|  84|0x0000000085400000, 0x0000000085400000, 0x0000000085500000|  0%| F|  |TAMS 0x0000000085400000, 0x0000000085400000| Untracked 
|  85|0x0000000085500000, 0x0000000085500000, 0x0000000085600000|  0%| F|  |TAMS 0x0000000085500000, 0x0000000085500000| Untracked 
|  86|0x0000000085600000, 0x0000000085600000, 0x0000000085700000|  0%| F|  |TAMS 0x0000000085600000, 0x0000000085600000| Untracked 
|  87|0x0000000085700000, 0x0000000085700000, 0x0000000085800000|  0%| F|  |TAMS 0x0000000085700000, 0x0000000085700000| Untracked 
|  88|0x0000000085800000, 0x0000000085800000, 0x0000000085900000|  0%| F|  |TAMS 0x0000000085800000, 0x0000000085800000| Untracked 
|  89|0x0000000085900000, 0x0000000085900000, 0x0000000085a00000|  0%| F|  |TAMS 0x0000000085900000, 0x0000000085900000| Untracked 
|  90|0x0000000085a00000, 0x0000000085a00000, 0x0000000085b00000|  0%| F|  |TAMS 0x0000000085a00000, 0x0000000085a00000| Untracked 
|  91|0x0000000085b00000, 0x0000000085b00000, 0x0000000085c00000|  0%| F|  |TAMS 0x0000000085b00000, 0x0000000085b00000| Untracked 
|  92|0x0000000085c00000, 0x0000000085c00000, 0x0000000085d00000|  0%| F|  |TAMS 0x0000000085c00000, 0x0000000085c00000| Untracked 
|  93|0x0000000085d00000, 0x0000000085e00000, 0x0000000085e00000|100%| S|CS|TAMS 0x0000000085d00000, 0x0000000085d00000| Complete 
|  94|0x0000000085e00000, 0x0000000085f00000, 0x0000000085f00000|100%| S|CS|TAMS 0x0000000085e00000, 0x0000000085e00000| Complete 
|  95|0x0000000085f00000, 0x0000000086000000, 0x0000000086000000|100%| S|CS|TAMS 0x0000000085f00000, 0x0000000085f00000| Complete 
|  96|0x0000000086000000, 0x0000000086100000, 0x0000000086100000|100%| S|CS|TAMS 0x0000000086000000, 0x0000000086000000| Complete 
|  97|0x0000000086100000, 0x0000000086200000, 0x0000000086200000|100%| S|CS|TAMS 0x0000000086100000, 0x0000000086100000| Complete 
|  98|0x0000000086200000, 0x0000000086200000, 0x0000000086300000|  0%| F|  |TAMS 0x0000000086200000, 0x0000000086200000| Untracked 
|  99|0x0000000086300000, 0x0000000086300000, 0x0000000086400000|  0%| F|  |TAMS 0x0000000086300000, 0x0000000086300000| Untracked 
| 100|0x0000000086400000, 0x0000000086400000, 0x0000000086500000|  0%| F|  |TAMS 0x0000000086400000, 0x0000000086400000| Untracked 
| 101|0x0000000086500000, 0x0000000086500000, 0x0000000086600000|  0%| F|  |TAMS 0x0000000086500000, 0x0000000086500000| Untracked 
| 102|0x0000000086600000, 0x0000000086600000, 0x0000000086700000|  0%| F|  |TAMS 0x0000000086600000, 0x0000000086600000| Untracked 
| 103|0x0000000086700000, 0x0000000086700000, 0x0000000086800000|  0%| F|  |TAMS 0x0000000086700000, 0x0000000086700000| Untracked 
| 104|0x0000000086800000, 0x0000000086800000, 0x0000000086900000|  0%| F|  |TAMS 0x0000000086800000, 0x0000000086800000| Untracked 
| 105|0x0000000086900000, 0x0000000086900000, 0x0000000086a00000|  0%| F|  |TAMS 0x0000000086900000, 0x0000000086900000| Untracked 
| 106|0x0000000086a00000, 0x0000000086a00000, 0x0000000086b00000|  0%| F|  |TAMS 0x0000000086a00000, 0x0000000086a00000| Untracked 
| 107|0x0000000086b00000, 0x0000000086b00000, 0x0000000086c00000|  0%| F|  |TAMS 0x0000000086b00000, 0x0000000086b00000| Untracked 
| 108|0x0000000086c00000, 0x0000000086c00000, 0x0000000086d00000|  0%| F|  |TAMS 0x0000000086c00000, 0x0000000086c00000| Untracked 
| 109|0x0000000086d00000, 0x0000000086d00000, 0x0000000086e00000|  0%| F|  |TAMS 0x0000000086d00000, 0x0000000086d00000| Untracked 
| 110|0x0000000086e00000, 0x0000000086f00000, 0x0000000086f00000|100%| S|CS|TAMS 0x0000000086e00000, 0x0000000086e00000| Complete 
| 111|0x0000000086f00000, 0x0000000087000000, 0x0000000087000000|100%| S|CS|TAMS 0x0000000086f00000, 0x0000000086f00000| Complete 
| 112|0x0000000087000000, 0x0000000087100000, 0x0000000087100000|100%| S|CS|TAMS 0x0000000087000000, 0x0000000087000000| Complete 
| 113|0x0000000087100000, 0x0000000087200000, 0x0000000087200000|100%| S|CS|TAMS 0x0000000087100000, 0x0000000087100000| Complete 
| 114|0x0000000087200000, 0x0000000087300000, 0x0000000087300000|100%| S|CS|TAMS 0x0000000087200000, 0x0000000087200000| Complete 
| 115|0x0000000087300000, 0x0000000087400000, 0x0000000087400000|100%| S|CS|TAMS 0x0000000087300000, 0x0000000087300000| Complete 
| 116|0x0000000087400000, 0x0000000087500000, 0x0000000087500000|100%| S|CS|TAMS 0x0000000087400000, 0x0000000087400000| Complete 
| 117|0x0000000087500000, 0x0000000087600000, 0x0000000087600000|100%| S|CS|TAMS 0x0000000087500000, 0x0000000087500000| Complete 
| 118|0x0000000087600000, 0x0000000087700000, 0x0000000087700000|100%| S|CS|TAMS 0x0000000087600000, 0x0000000087600000| Complete 
| 119|0x0000000087700000, 0x0000000087800000, 0x0000000087800000|100%| S|CS|TAMS 0x0000000087700000, 0x0000000087700000| Complete 
| 120|0x0000000087800000, 0x0000000087900000, 0x0000000087900000|100%| S|CS|TAMS 0x0000000087800000, 0x0000000087800000| Complete 
| 121|0x0000000087900000, 0x0000000087a00000, 0x0000000087a00000|100%| S|CS|TAMS 0x0000000087900000, 0x0000000087900000| Complete 
| 122|0x0000000087a00000, 0x0000000087b00000, 0x0000000087b00000|100%| S|CS|TAMS 0x0000000087a00000, 0x0000000087a00000| Complete 
| 123|0x0000000087b00000, 0x0000000087b00000, 0x0000000087c00000|  0%| F|  |TAMS 0x0000000087b00000, 0x0000000087b00000| Untracked 
| 124|0x0000000087c00000, 0x0000000087c00000, 0x0000000087d00000|  0%| F|  |TAMS 0x0000000087c00000, 0x0000000087c00000| Untracked 
| 125|0x0000000087d00000, 0x0000000087d00000, 0x0000000087e00000|  0%| F|  |TAMS 0x0000000087d00000, 0x0000000087d00000| Untracked 
| 126|0x0000000087e00000, 0x0000000087e00000, 0x0000000087f00000|  0%| F|  |TAMS 0x0000000087e00000, 0x0000000087e00000| Untracked 
| 127|0x0000000087f00000, 0x0000000087f00000, 0x0000000088000000|  0%| F|  |TAMS 0x0000000087f00000, 0x0000000087f00000| Untracked 
| 128|0x0000000088000000, 0x0000000088000000, 0x0000000088100000|  0%| F|  |TAMS 0x0000000088000000, 0x0000000088000000| Untracked 
| 129|0x0000000088100000, 0x0000000088100000, 0x0000000088200000|  0%| F|  |TAMS 0x0000000088100000, 0x0000000088100000| Untracked 
| 130|0x0000000088200000, 0x0000000088200000, 0x0000000088300000|  0%| F|  |TAMS 0x0000000088200000, 0x0000000088200000| Untracked 
| 131|0x0000000088300000, 0x0000000088300000, 0x0000000088400000|  0%| F|  |TAMS 0x0000000088300000, 0x0000000088300000| Untracked 
| 132|0x0000000088400000, 0x0000000088400000, 0x0000000088500000|  0%| F|  |TAMS 0x0000000088400000, 0x0000000088400000| Untracked 
| 133|0x0000000088500000, 0x0000000088500000, 0x0000000088600000|  0%| F|  |TAMS 0x0000000088500000, 0x0000000088500000| Untracked 
| 134|0x0000000088600000, 0x0000000088600000, 0x0000000088700000|  0%| F|  |TAMS 0x0000000088600000, 0x0000000088600000| Untracked 
| 135|0x0000000088700000, 0x0000000088700000, 0x0000000088800000|  0%| F|  |TAMS 0x0000000088700000, 0x0000000088700000| Untracked 
| 136|0x0000000088800000, 0x0000000088800000, 0x0000000088900000|  0%| F|  |TAMS 0x0000000088800000, 0x0000000088800000| Untracked 
| 137|0x0000000088900000, 0x0000000088900000, 0x0000000088a00000|  0%| F|  |TAMS 0x0000000088900000, 0x0000000088900000| Untracked 
| 138|0x0000000088a00000, 0x0000000088a00000, 0x0000000088b00000|  0%| F|  |TAMS 0x0000000088a00000, 0x0000000088a00000| Untracked 
| 139|0x0000000088b00000, 0x0000000088b00000, 0x0000000088c00000|  0%| F|  |TAMS 0x0000000088b00000, 0x0000000088b00000| Untracked 
| 140|0x0000000088c00000, 0x0000000088c00000, 0x0000000088d00000|  0%| F|  |TAMS 0x0000000088c00000, 0x0000000088c00000| Untracked 
| 141|0x0000000088d00000, 0x0000000088d00000, 0x0000000088e00000|  0%| F|  |TAMS 0x0000000088d00000, 0x0000000088d00000| Untracked 
| 142|0x0000000088e00000, 0x0000000088e00000, 0x0000000088f00000|  0%| F|  |TAMS 0x0000000088e00000, 0x0000000088e00000| Untracked 
| 143|0x0000000088f00000, 0x0000000088f00000, 0x0000000089000000|  0%| F|  |TAMS 0x0000000088f00000, 0x0000000088f00000| Untracked 
| 144|0x0000000089000000, 0x0000000089000000, 0x0000000089100000|  0%| F|  |TAMS 0x0000000089000000, 0x0000000089000000| Untracked 
| 145|0x0000000089100000, 0x0000000089100000, 0x0000000089200000|  0%| F|  |TAMS 0x0000000089100000, 0x0000000089100000| Untracked 
| 146|0x0000000089200000, 0x0000000089200000, 0x0000000089300000|  0%| F|  |TAMS 0x0000000089200000, 0x0000000089200000| Untracked 
| 147|0x0000000089300000, 0x0000000089300000, 0x0000000089400000|  0%| F|  |TAMS 0x0000000089300000, 0x0000000089300000| Untracked 
| 148|0x0000000089400000, 0x0000000089400000, 0x0000000089500000|  0%| F|  |TAMS 0x0000000089400000, 0x0000000089400000| Untracked 
| 149|0x0000000089500000, 0x0000000089500000, 0x0000000089600000|  0%| F|  |TAMS 0x0000000089500000, 0x0000000089500000| Untracked 
| 150|0x0000000089600000, 0x0000000089600000, 0x0000000089700000|  0%| F|  |TAMS 0x0000000089600000, 0x0000000089600000| Untracked 
| 151|0x0000000089700000, 0x0000000089800000, 0x0000000089800000|100%| E|  |TAMS 0x0000000089700000, 0x0000000089700000| Complete 
| 152|0x0000000089800000, 0x0000000089900000, 0x0000000089900000|100%| E|CS|TAMS 0x0000000089800000, 0x0000000089800000| Complete 
| 153|0x0000000089900000, 0x0000000089a00000, 0x0000000089a00000|100%| E|CS|TAMS 0x0000000089900000, 0x0000000089900000| Complete 
| 154|0x0000000089a00000, 0x0000000089b00000, 0x0000000089b00000|100%| E|CS|TAMS 0x0000000089a00000, 0x0000000089a00000| Complete 
| 155|0x0000000089b00000, 0x0000000089c00000, 0x0000000089c00000|100%| E|CS|TAMS 0x0000000089b00000, 0x0000000089b00000| Complete 
| 156|0x0000000089c00000, 0x0000000089d00000, 0x0000000089d00000|100%| E|CS|TAMS 0x0000000089c00000, 0x0000000089c00000| Complete 
| 157|0x0000000089d00000, 0x0000000089e00000, 0x0000000089e00000|100%| E|CS|TAMS 0x0000000089d00000, 0x0000000089d00000| Complete 
| 158|0x0000000089e00000, 0x0000000089f00000, 0x0000000089f00000|100%| E|CS|TAMS 0x0000000089e00000, 0x0000000089e00000| Complete 
| 159|0x0000000089f00000, 0x000000008a000000, 0x000000008a000000|100%| E|CS|TAMS 0x0000000089f00000, 0x0000000089f00000| Complete 
| 160|0x000000008a000000, 0x000000008a100000, 0x000000008a100000|100%| E|CS|TAMS 0x000000008a000000, 0x000000008a000000| Complete 
| 161|0x000000008a100000, 0x000000008a200000, 0x000000008a200000|100%| E|CS|TAMS 0x000000008a100000, 0x000000008a100000| Complete 
| 162|0x000000008a200000, 0x000000008a300000, 0x000000008a300000|100%| E|CS|TAMS 0x000000008a200000, 0x000000008a200000| Complete 
| 163|0x000000008a300000, 0x000000008a400000, 0x000000008a400000|100%| E|CS|TAMS 0x000000008a300000, 0x000000008a300000| Complete 
| 164|0x000000008a400000, 0x000000008a500000, 0x000000008a500000|100%| E|CS|TAMS 0x000000008a400000, 0x000000008a400000| Complete 
| 165|0x000000008a500000, 0x000000008a600000, 0x000000008a600000|100%| E|CS|TAMS 0x000000008a500000, 0x000000008a500000| Complete 
| 166|0x000000008a600000, 0x000000008a700000, 0x000000008a700000|100%| E|CS|TAMS 0x000000008a600000, 0x000000008a600000| Complete 
| 167|0x000000008a700000, 0x000000008a800000, 0x000000008a800000|100%| E|CS|TAMS 0x000000008a700000, 0x000000008a700000| Complete 
| 168|0x000000008a800000, 0x000000008a900000, 0x000000008a900000|100%| E|CS|TAMS 0x000000008a800000, 0x000000008a800000| Complete 
| 169|0x000000008a900000, 0x000000008aa00000, 0x000000008aa00000|100%| E|CS|TAMS 0x000000008a900000, 0x000000008a900000| Complete 
| 170|0x000000008aa00000, 0x000000008ab00000, 0x000000008ab00000|100%| E|CS|TAMS 0x000000008aa00000, 0x000000008aa00000| Complete 
| 171|0x000000008ab00000, 0x000000008ac00000, 0x000000008ac00000|100%| E|CS|TAMS 0x000000008ab00000, 0x000000008ab00000| Complete 
| 172|0x000000008ac00000, 0x000000008ad00000, 0x000000008ad00000|100%| E|CS|TAMS 0x000000008ac00000, 0x000000008ac00000| Complete 
| 173|0x000000008ad00000, 0x000000008ae00000, 0x000000008ae00000|100%| E|CS|TAMS 0x000000008ad00000, 0x000000008ad00000| Complete 
| 174|0x000000008ae00000, 0x000000008af00000, 0x000000008af00000|100%| E|CS|TAMS 0x000000008ae00000, 0x000000008ae00000| Complete 
| 175|0x000000008af00000, 0x000000008b000000, 0x000000008b000000|100%| E|CS|TAMS 0x000000008af00000, 0x000000008af00000| Complete 
| 176|0x000000008b000000, 0x000000008b100000, 0x000000008b100000|100%| E|CS|TAMS 0x000000008b000000, 0x000000008b000000| Complete 
| 177|0x000000008b100000, 0x000000008b200000, 0x000000008b200000|100%| E|CS|TAMS 0x000000008b100000, 0x000000008b100000| Complete 
| 178|0x000000008b200000, 0x000000008b300000, 0x000000008b300000|100%| E|CS|TAMS 0x000000008b200000, 0x000000008b200000| Complete 
| 179|0x000000008b300000, 0x000000008b400000, 0x000000008b400000|100%| E|CS|TAMS 0x000000008b300000, 0x000000008b300000| Complete 
| 180|0x000000008b400000, 0x000000008b500000, 0x000000008b500000|100%| E|CS|TAMS 0x000000008b400000, 0x000000008b400000| Complete 
| 181|0x000000008b500000, 0x000000008b600000, 0x000000008b600000|100%| E|CS|TAMS 0x000000008b500000, 0x000000008b500000| Complete 
| 182|0x000000008b600000, 0x000000008b700000, 0x000000008b700000|100%| E|CS|TAMS 0x000000008b600000, 0x000000008b600000| Complete 
| 183|0x000000008b700000, 0x000000008b800000, 0x000000008b800000|100%| E|CS|TAMS 0x000000008b700000, 0x000000008b700000| Complete 
| 184|0x000000008b800000, 0x000000008b900000, 0x000000008b900000|100%| E|CS|TAMS 0x000000008b800000, 0x000000008b800000| Complete 
| 185|0x000000008b900000, 0x000000008ba00000, 0x000000008ba00000|100%| E|CS|TAMS 0x000000008b900000, 0x000000008b900000| Complete 
| 186|0x000000008ba00000, 0x000000008bb00000, 0x000000008bb00000|100%| E|CS|TAMS 0x000000008ba00000, 0x000000008ba00000| Complete 
| 187|0x000000008bb00000, 0x000000008bc00000, 0x000000008bc00000|100%| E|CS|TAMS 0x000000008bb00000, 0x000000008bb00000| Complete 
| 188|0x000000008bc00000, 0x000000008bd00000, 0x000000008bd00000|100%| E|CS|TAMS 0x000000008bc00000, 0x000000008bc00000| Complete 
| 189|0x000000008bd00000, 0x000000008be00000, 0x000000008be00000|100%| E|CS|TAMS 0x000000008bd00000, 0x000000008bd00000| Complete 
| 190|0x000000008be00000, 0x000000008bf00000, 0x000000008bf00000|100%| E|CS|TAMS 0x000000008be00000, 0x000000008be00000| Complete 
| 191|0x000000008bf00000, 0x000000008c000000, 0x000000008c000000|100%| E|CS|TAMS 0x000000008bf00000, 0x000000008bf00000| Complete 
| 192|0x000000008c000000, 0x000000008c100000, 0x000000008c100000|100%| E|CS|TAMS 0x000000008c000000, 0x000000008c000000| Complete 
| 193|0x000000008c100000, 0x000000008c200000, 0x000000008c200000|100%| E|CS|TAMS 0x000000008c100000, 0x000000008c100000| Complete 
| 194|0x000000008c200000, 0x000000008c300000, 0x000000008c300000|100%| E|CS|TAMS 0x000000008c200000, 0x000000008c200000| Complete 
| 195|0x000000008c300000, 0x000000008c400000, 0x000000008c400000|100%| E|CS|TAMS 0x000000008c300000, 0x000000008c300000| Complete 
| 196|0x000000008c400000, 0x000000008c500000, 0x000000008c500000|100%| E|CS|TAMS 0x000000008c400000, 0x000000008c400000| Complete 
| 197|0x000000008c500000, 0x000000008c600000, 0x000000008c600000|100%| E|CS|TAMS 0x000000008c500000, 0x000000008c500000| Complete 
| 198|0x000000008c600000, 0x000000008c700000, 0x000000008c700000|100%| E|CS|TAMS 0x000000008c600000, 0x000000008c600000| Complete 
| 199|0x000000008c700000, 0x000000008c800000, 0x000000008c800000|100%| E|CS|TAMS 0x000000008c700000, 0x000000008c700000| Complete 
| 200|0x000000008c800000, 0x000000008c900000, 0x000000008c900000|100%| E|CS|TAMS 0x000000008c800000, 0x000000008c800000| Complete 
| 201|0x000000008c900000, 0x000000008ca00000, 0x000000008ca00000|100%| E|CS|TAMS 0x000000008c900000, 0x000000008c900000| Complete 
| 202|0x000000008ca00000, 0x000000008cb00000, 0x000000008cb00000|100%| E|CS|TAMS 0x000000008ca00000, 0x000000008ca00000| Complete 
| 203|0x000000008cb00000, 0x000000008cc00000, 0x000000008cc00000|100%| E|CS|TAMS 0x000000008cb00000, 0x000000008cb00000| Complete 
| 204|0x000000008cc00000, 0x000000008cd00000, 0x000000008cd00000|100%| E|CS|TAMS 0x000000008cc00000, 0x000000008cc00000| Complete 
| 205|0x000000008cd00000, 0x000000008ce00000, 0x000000008ce00000|100%| E|CS|TAMS 0x000000008cd00000, 0x000000008cd00000| Complete 
| 206|0x000000008ce00000, 0x000000008cf00000, 0x000000008cf00000|100%| E|CS|TAMS 0x000000008ce00000, 0x000000008ce00000| Complete 
| 207|0x000000008cf00000, 0x000000008d000000, 0x000000008d000000|100%| E|CS|TAMS 0x000000008cf00000, 0x000000008cf00000| Complete 
| 208|0x000000008d000000, 0x000000008d100000, 0x000000008d100000|100%| E|CS|TAMS 0x000000008d000000, 0x000000008d000000| Complete 
| 209|0x000000008d100000, 0x000000008d200000, 0x000000008d200000|100%| E|CS|TAMS 0x000000008d100000, 0x000000008d100000| Complete 
| 210|0x000000008d200000, 0x000000008d300000, 0x000000008d300000|100%| E|CS|TAMS 0x000000008d200000, 0x000000008d200000| Complete 
| 211|0x000000008d300000, 0x000000008d400000, 0x000000008d400000|100%| E|CS|TAMS 0x000000008d300000, 0x000000008d300000| Complete 
| 212|0x000000008d400000, 0x000000008d500000, 0x000000008d500000|100%| E|CS|TAMS 0x000000008d400000, 0x000000008d400000| Complete 
| 213|0x000000008d500000, 0x000000008d600000, 0x000000008d600000|100%| E|CS|TAMS 0x000000008d500000, 0x000000008d500000| Complete 
| 214|0x000000008d600000, 0x000000008d700000, 0x000000008d700000|100%| E|CS|TAMS 0x000000008d600000, 0x000000008d600000| Complete 
| 215|0x000000008d700000, 0x000000008d800000, 0x000000008d800000|100%| E|CS|TAMS 0x000000008d700000, 0x000000008d700000| Complete 
| 216|0x000000008d800000, 0x000000008d900000, 0x000000008d900000|100%| E|CS|TAMS 0x000000008d800000, 0x000000008d800000| Complete 
| 217|0x000000008d900000, 0x000000008da00000, 0x000000008da00000|100%| E|CS|TAMS 0x000000008d900000, 0x000000008d900000| Complete 
| 218|0x000000008da00000, 0x000000008db00000, 0x000000008db00000|100%| E|CS|TAMS 0x000000008da00000, 0x000000008da00000| Complete 
| 219|0x000000008db00000, 0x000000008dc00000, 0x000000008dc00000|100%| E|CS|TAMS 0x000000008db00000, 0x000000008db00000| Complete 
| 220|0x000000008dc00000, 0x000000008dd00000, 0x000000008dd00000|100%| E|CS|TAMS 0x000000008dc00000, 0x000000008dc00000| Complete 
| 221|0x000000008dd00000, 0x000000008de00000, 0x000000008de00000|100%| E|CS|TAMS 0x000000008dd00000, 0x000000008dd00000| Complete 
| 222|0x000000008de00000, 0x000000008df00000, 0x000000008df00000|100%| E|CS|TAMS 0x000000008de00000, 0x000000008de00000| Complete 
| 223|0x000000008df00000, 0x000000008e000000, 0x000000008e000000|100%| E|CS|TAMS 0x000000008df00000, 0x000000008df00000| Complete 
| 224|0x000000008e000000, 0x000000008e100000, 0x000000008e100000|100%| E|CS|TAMS 0x000000008e000000, 0x000000008e000000| Complete 
| 225|0x000000008e100000, 0x000000008e200000, 0x000000008e200000|100%| E|CS|TAMS 0x000000008e100000, 0x000000008e100000| Complete 
| 226|0x000000008e200000, 0x000000008e300000, 0x000000008e300000|100%| E|CS|TAMS 0x000000008e200000, 0x000000008e200000| Complete 
| 227|0x000000008e300000, 0x000000008e400000, 0x000000008e400000|100%| E|CS|TAMS 0x000000008e300000, 0x000000008e300000| Complete 
| 228|0x000000008e400000, 0x000000008e500000, 0x000000008e500000|100%| E|CS|TAMS 0x000000008e400000, 0x000000008e400000| Complete 
| 229|0x000000008e500000, 0x000000008e600000, 0x000000008e600000|100%| E|CS|TAMS 0x000000008e500000, 0x000000008e500000| Complete 
| 230|0x000000008e600000, 0x000000008e700000, 0x000000008e700000|100%| E|  |TAMS 0x000000008e600000, 0x000000008e600000| Complete 
| 231|0x000000008e700000, 0x000000008e800000, 0x000000008e800000|100%| E|CS|TAMS 0x000000008e700000, 0x000000008e700000| Complete 
| 232|0x000000008e800000, 0x000000008e900000, 0x000000008e900000|100%| E|CS|TAMS 0x000000008e800000, 0x000000008e800000| Complete 
| 233|0x000000008e900000, 0x000000008ea00000, 0x000000008ea00000|100%| E|CS|TAMS 0x000000008e900000, 0x000000008e900000| Complete 
| 234|0x000000008ea00000, 0x000000008eb00000, 0x000000008eb00000|100%| E|CS|TAMS 0x000000008ea00000, 0x000000008ea00000| Complete 
| 235|0x000000008eb00000, 0x000000008ec00000, 0x000000008ec00000|100%| E|CS|TAMS 0x000000008eb00000, 0x000000008eb00000| Complete 
| 236|0x000000008ec00000, 0x000000008ed00000, 0x000000008ed00000|100%| E|CS|TAMS 0x000000008ec00000, 0x000000008ec00000| Complete 
| 237|0x000000008ed00000, 0x000000008ee00000, 0x000000008ee00000|100%| E|CS|TAMS 0x000000008ed00000, 0x000000008ed00000| Complete 
| 238|0x000000008ee00000, 0x000000008ef00000, 0x000000008ef00000|100%| E|CS|TAMS 0x000000008ee00000, 0x000000008ee00000| Complete 
| 239|0x000000008ef00000, 0x000000008f000000, 0x000000008f000000|100%| E|CS|TAMS 0x000000008ef00000, 0x000000008ef00000| Complete 
| 240|0x000000008f000000, 0x000000008f100000, 0x000000008f100000|100%| E|CS|TAMS 0x000000008f000000, 0x000000008f000000| Complete 
| 241|0x000000008f100000, 0x000000008f200000, 0x000000008f200000|100%| E|CS|TAMS 0x000000008f100000, 0x000000008f100000| Complete 
| 242|0x000000008f200000, 0x000000008f300000, 0x000000008f300000|100%| E|CS|TAMS 0x000000008f200000, 0x000000008f200000| Complete 
| 243|0x000000008f300000, 0x000000008f400000, 0x000000008f400000|100%| E|CS|TAMS 0x000000008f300000, 0x000000008f300000| Complete 
| 244|0x000000008f400000, 0x000000008f500000, 0x000000008f500000|100%| E|CS|TAMS 0x000000008f400000, 0x000000008f400000| Complete 
| 245|0x000000008f500000, 0x000000008f600000, 0x000000008f600000|100%| E|CS|TAMS 0x000000008f500000, 0x000000008f500000| Complete 
| 246|0x000000008f600000, 0x000000008f700000, 0x000000008f700000|100%| E|CS|TAMS 0x000000008f600000, 0x000000008f600000| Complete 
| 247|0x000000008f700000, 0x000000008f800000, 0x000000008f800000|100%| E|CS|TAMS 0x000000008f700000, 0x000000008f700000| Complete 
| 248|0x000000008f800000, 0x000000008f900000, 0x000000008f900000|100%| E|CS|TAMS 0x000000008f800000, 0x000000008f800000| Complete 
| 249|0x000000008f900000, 0x000000008fa00000, 0x000000008fa00000|100%| E|CS|TAMS 0x000000008f900000, 0x000000008f900000| Complete 
| 250|0x000000008fa00000, 0x000000008fb00000, 0x000000008fb00000|100%| E|CS|TAMS 0x000000008fa00000, 0x000000008fa00000| Complete 
| 251|0x000000008fb00000, 0x000000008fc00000, 0x000000008fc00000|100%| E|CS|TAMS 0x000000008fb00000, 0x000000008fb00000| Complete 
| 252|0x000000008fc00000, 0x000000008fd00000, 0x000000008fd00000|100%| E|CS|TAMS 0x000000008fc00000, 0x000000008fc00000| Complete 
| 253|0x000000008fd00000, 0x000000008fe00000, 0x000000008fe00000|100%| E|CS|TAMS 0x000000008fd00000, 0x000000008fd00000| Complete 

Card table byte_map: [0x0000020ca2c70000,0x0000020ca3070000] _byte_map_base: 0x0000020ca2870000

Marking Bits (Prev, Next): (CMBitMap*) 0x0000020c8bce8c90, (CMBitMap*) 0x0000020c8bce8c58
 Prev Bits: [0x0000020ca5470000, 0x0000020ca7470000)
 Next Bits: [0x0000020ca3470000, 0x0000020ca5470000)

Polling page: 0x0000020c89960000

Metaspace:

Usage:
  Non-class:     70.20 MB capacity,    68.62 MB ( 98%) used,     1.34 MB (  2%) free+waste,   239.69 KB ( <1%) overhead. 
      Class:     11.35 MB capacity,    10.34 MB ( 91%) used,   921.38 KB (  8%) free+waste,   117.19 KB (  1%) overhead. 
       Both:     81.55 MB capacity,    78.95 MB ( 97%) used,     2.24 MB (  3%) free+waste,   356.88 KB ( <1%) overhead. 

Virtual space:
  Non-class space:       72.00 MB reserved,      70.32 MB ( 98%) committed 
      Class space:      504.00 MB reserved,      11.38 MB (  2%) committed 
             Both:      576.00 MB reserved,      81.70 MB ( 14%) committed 

Chunk freelists:
   Non-Class:  0 bytes
       Class:  0 bytes
        Both:  0 bytes

CodeHeap 'non-profiled nmethods': size=120000Kb used=5585Kb max_used=5585Kb free=114414Kb
 bounds [0x0000020c9adf0000, 0x0000020c9b370000, 0x0000020ca2320000]
CodeHeap 'profiled nmethods': size=120000Kb used=19534Kb max_used=19534Kb free=100465Kb
 bounds [0x0000020c938c0000, 0x0000020c94be0000, 0x0000020c9adf0000]
CodeHeap 'non-nmethods': size=5760Kb used=2291Kb max_used=2333Kb free=3468Kb
 bounds [0x0000020c93320000, 0x0000020c93590000, 0x0000020c938c0000]
 total_blobs=9893 nmethods=9000 adapters=804
 compilation: enabled
              stopped_count=0, restarted_count=0
 full_count=0

Compilation events (10 events):
Event: 26.306 Thread 0x0000020caa9a3000 8973       3       com.sun.beans.introspect.MethodInfo::isThrow (42 bytes)
Event: 26.306 Thread 0x0000020caa9a3000 nmethod 8973 0x0000020c94bb4590 code [0x0000020c94bb4760, 0x0000020c94bb4b88]
Event: 26.307 Thread 0x0000020caa9a3000 8975   !   3       com.sun.beans.finder.ClassFinder::findClass (43 bytes)
Event: 26.308 Thread 0x0000020caa9a3000 nmethod 8975 0x0000020c94bb4d10 code [0x0000020c94bb4fa0, 0x0000020c94bb5c28]
Event: 26.309 Thread 0x0000020caa9a3000 8977       3       java.util.regex.Matcher::appendTail (19 bytes)
Event: 26.309 Thread 0x0000020caa9a3000 nmethod 8977 0x0000020c94bb6190 code [0x0000020c94bb6360, 0x0000020c94bb6638]
Event: 26.311 Thread 0x0000020caa9a3000 8978       3       groovy.lang.MetaClassImpl::addElementToList (58 bytes)
Event: 26.312 Thread 0x0000020caa9a3000 nmethod 8978 0x0000020c94bb6810 code [0x0000020c94bb6a20, 0x0000020c94bb7208]
Event: 26.322 Thread 0x0000020caa9a3000 8980       3       sun.reflect.generics.reflectiveObjects.TypeVariableImpl::equals (67 bytes)
Event: 26.322 Thread 0x0000020caa9a3000 nmethod 8980 0x0000020c94bb7490 code [0x0000020c94bb76a0, 0x0000020c94bb7ff8]

GC Heap History (10 events):
Event: 15.757 GC heap before
{Heap before GC invocations=8 (full 0):
 garbage-first heap   total 260096K, used 119959K [0x0000000080000000, 0x0000000100000000)
  region size 1024K, 100 young (102400K), 7 survivors (7168K)
 Metaspace       used 41142K, capacity 42279K, committed 42440K, reserved 552960K
  class space    used 5239K, capacity 5680K, committed 5760K, reserved 516096K
}
Event: 15.764 GC heap after
{Heap after GC invocations=9 (full 0):
 garbage-first heap   total 260096K, used 30545K [0x0000000080000000, 0x0000000100000000)
  region size 1024K, 13 young (13312K), 13 survivors (13312K)
 Metaspace       used 41142K, capacity 42279K, committed 42440K, reserved 552960K
  class space    used 5239K, capacity 5680K, committed 5760K, reserved 516096K
}
Event: 18.332 GC heap before
{Heap before GC invocations=9 (full 0):
 garbage-first heap   total 260096K, used 176977K [0x0000000080000000, 0x0000000100000000)
  region size 1024K, 152 young (155648K), 13 survivors (13312K)
 Metaspace       used 52760K, capacity 54323K, committed 54472K, reserved 563200K
  class space    used 6871K, capacity 7527K, committed 7552K, reserved 516096K
}
Event: 18.342 GC heap after
{Heap after GC invocations=10 (full 0):
 garbage-first heap   total 260096K, used 43516K [0x0000000080000000, 0x0000000100000000)
  region size 1024K, 16 young (16384K), 16 survivors (16384K)
 Metaspace       used 52760K, capacity 54323K, committed 54472K, reserved 563200K
  class space    used 6871K, capacity 7527K, committed 7552K, reserved 516096K
}
Event: 19.137 GC heap before
{Heap before GC invocations=10 (full 0):
 garbage-first heap   total 260096K, used 114172K [0x0000000080000000, 0x0000000100000000)
  region size 1024K, 86 young (88064K), 16 survivors (16384K)
 Metaspace       used 58175K, capacity 59858K, committed 59976K, reserved 569344K
  class space    used 7663K, capacity 8350K, committed 8448K, reserved 516096K
}
Event: 19.145 GC heap after
{Heap after GC invocations=11 (full 0):
 garbage-first heap   total 260096K, used 45767K [0x0000000080000000, 0x0000000100000000)
  region size 1024K, 11 young (11264K), 11 survivors (11264K)
 Metaspace       used 58175K, capacity 59858K, committed 59976K, reserved 569344K
  class space    used 7663K, capacity 8350K, committed 8448K, reserved 516096K
}
Event: 20.849 GC heap before
{Heap before GC invocations=12 (full 0):
 garbage-first heap   total 260096K, used 181959K [0x0000000080000000, 0x0000000100000000)
  region size 1024K, 144 young (147456K), 11 survivors (11264K)
 Metaspace       used 66546K, capacity 68533K, committed 68808K, reserved 575488K
  class space    used 8762K, capacity 9575K, committed 9600K, reserved 516096K
}
Event: 20.861 GC heap after
{Heap after GC invocations=13 (full 0):
 garbage-first heap   total 260096K, used 54813K [0x0000000080000000, 0x0000000100000000)
  region size 1024K, 12 young (12288K), 12 survivors (12288K)
 Metaspace       used 66546K, capacity 68533K, committed 68808K, reserved 575488K
  class space    used 8762K, capacity 9575K, committed 9600K, reserved 516096K
}
Event: 25.631 GC heap before
{Heap before GC invocations=13 (full 0):
 garbage-first heap   total 260096K, used 197149K [0x0000000080000000, 0x0000000100000000)
  region size 1024K, 143 young (146432K), 12 survivors (12288K)
 Metaspace       used 77270K, capacity 79635K, committed 79816K, reserved 585728K
  class space    used 10076K, capacity 11016K, committed 11136K, reserved 516096K
}
Event: 25.642 GC heap after
{Heap after GC invocations=14 (full 0):
 garbage-first heap   total 260096K, used 77083K [0x0000000080000000, 0x0000000100000000)
  region size 1024K, 18 young (18432K), 18 survivors (18432K)
 Metaspace       used 77270K, capacity 79635K, committed 79816K, reserved 585728K
  class space    used 10076K, capacity 11016K, committed 11136K, reserved 516096K
}

Deoptimization events (10 events):
Event: 25.569 Thread 0x0000020cabbd3000 Uncommon trap: reason=unstable_if action=reinterpret pc=0x0000020c9ae67d54 method=java.util.regex.Pattern.has(I)Z @ 6 c2
Event: 25.883 Thread 0x0000020cabbd3000 Uncommon trap: reason=null_check action=make_not_entrant pc=0x0000020c9b2e4214 method=java.lang.ThreadLocal$ThreadLocalMap.getEntryAfterMiss(Ljava/lang/ThreadLocal;ILjava/lang/ThreadLocal$ThreadLocalMap$Entry;)Ljava/lang/ThreadLocal$ThreadLocalMap$Entry; 
Event: 25.981 Thread 0x0000020cabbd3000 Uncommon trap: reason=unstable_if action=reinterpret pc=0x0000020c9aeb50e4 method=java.lang.AbstractStringBuilder.appendChars(Ljava/lang/CharSequence;II)V @ 43 c2
Event: 25.981 Thread 0x0000020cabbd3000 Uncommon trap: reason=unstable_if action=reinterpret pc=0x0000020c9ae1cc94 method=java.lang.AbstractStringBuilder.isLatin1()Z @ 10 c2
Event: 26.010 Thread 0x0000020cabbd3000 Uncommon trap: reason=unstable_if action=reinterpret pc=0x0000020c9b2457d8 method=org.apache.commons.io.FilenameUtils.doNormalize(Ljava/lang/String;CZ)Ljava/lang/String; @ 219 c2
Event: 26.043 Thread 0x0000020cabbd3000 Uncommon trap: reason=unstable_if action=reinterpret pc=0x0000020c9af8cc4c method=java.util.StringJoiner.add(Ljava/lang/CharSequence;)Ljava/util/StringJoiner; @ 33 c2
Event: 26.073 Thread 0x0000020cabbd3000 Uncommon trap: reason=class_check action=maybe_recompile pc=0x0000020c9b1d50a0 method=java.lang.Class.createAnnotationData(I)Ljava/lang/Class$AnnotationData; @ 103 c2
Event: 26.074 Thread 0x0000020cabbd3000 Uncommon trap: reason=class_check action=maybe_recompile pc=0x0000020c9b1d50a0 method=java.lang.Class.createAnnotationData(I)Ljava/lang/Class$AnnotationData; @ 103 c2
Event: 26.135 Thread 0x0000020cabbd3000 Uncommon trap: reason=null_check action=make_not_entrant pc=0x0000020c9b0d4464 method=com.sun.beans.introspect.MethodInfo$MethodOrder.compare(Ljava/lang/reflect/Method;Ljava/lang/reflect/Method;)I @ 133 c2
Event: 26.321 Thread 0x0000020cabbd3000 Uncommon trap: reason=unstable_if action=reinterpret pc=0x0000020c9af52f24 method=java.util.WeakHashMap.eq(Ljava/lang/Object;Ljava/lang/Object;)Z @ 2 c2

Classes redefined (0 events):
No events

Internal exceptions (10 events):
Event: 26.307 Thread 0x0000020cabbd3000 Exception <a 'java/lang/ClassNotFoundException'{0x000000008a649770}: org/gradle/api/internal/ConventionTaskCustomizer> (0x000000008a649770) thrown at [./open/src/hotspot/share/classfile/systemDictionary.cpp, line 226]
Event: 26.308 Thread 0x0000020cabbd3000 Exception <a 'java/lang/ClassNotFoundException'{0x000000008a686f00}: org/gradle/api/tasks/AbstractCopyTaskCustomizer> (0x000000008a686f00) thrown at [./open/src/hotspot/share/classfile/systemDictionary.cpp, line 226]
Event: 26.310 Thread 0x0000020cabbd3000 Exception <a 'java/lang/ClassNotFoundException'{0x000000008a51efc8}: org/gradle/api/tasks/CopyCustomizer> (0x000000008a51efc8) thrown at [./open/src/hotspot/share/classfile/systemDictionary.cpp, line 226]
Event: 26.310 Thread 0x0000020cabbd3000 Exception <a 'java/lang/ClassNotFoundException'{0x000000008a561608}: org/gradle/api/tasks/Copy_DecoratedCustomizer> (0x000000008a561608) thrown at [./open/src/hotspot/share/classfile/systemDictionary.cpp, line 226]
Event: 26.318 Thread 0x0000020cabbd3000 Exception <a 'java/lang/ClassNotFoundException'{0x000000008a24edd0}: org/gradle/api/internal/artifacts/configurations/DefaultConfigurationContainer_DecoratedBeanInfo> (0x000000008a24edd0) thrown at [./open/src/hotspot/share/classfile/systemDictionary.cpp,
Event: 26.319 Thread 0x0000020cabbd3000 Exception <a 'java/lang/ClassNotFoundException'{0x000000008a2993a8}: org/gradle/api/internal/artifacts/configurations/DefaultConfigurationContainerBeanInfo> (0x000000008a2993a8) thrown at [./open/src/hotspot/share/classfile/systemDictionary.cpp, line 226]
Event: 26.320 Thread 0x0000020cabbd3000 Exception <a 'java/lang/ClassNotFoundException'{0x000000008a2d2360}: org/gradle/api/internal/AbstractValidatingNamedDomainObjectContainerBeanInfo> (0x000000008a2d2360) thrown at [./open/src/hotspot/share/classfile/systemDictionary.cpp, line 226]
Event: 26.321 Thread 0x0000020cabbd3000 Exception <a 'java/lang/ClassNotFoundException'{0x000000008a10b4e8}: org/gradle/api/internal/AbstractValidatingNamedDomainObjectContainerCustomizer> (0x000000008a10b4e8) thrown at [./open/src/hotspot/share/classfile/systemDictionary.cpp, line 226]
Event: 26.323 Thread 0x0000020cabbd3000 Exception <a 'java/lang/ClassNotFoundException'{0x000000008a160240}: org/gradle/api/internal/artifacts/configurations/DefaultConfigurationContainerCustomizer> (0x000000008a160240) thrown at [./open/src/hotspot/share/classfile/systemDictionary.cpp, line 22
Event: 26.324 Thread 0x0000020cabbd3000 Exception <a 'java/lang/ClassNotFoundException'{0x000000008a1c1e58}: org/gradle/api/internal/artifacts/configurations/DefaultConfigurationContainer_DecoratedCustomizer> (0x000000008a1c1e58) thrown at [./open/src/hotspot/share/classfile/systemDictionary.cp

Events (10 events):
Event: 26.323 loading class org/gradle/api/internal/artifacts/configurations/DefaultConfigurationContainerCustomizer
Event: 26.323 loading class org/gradle/api/internal/artifacts/configurations/DefaultConfigurationContainerCustomizer done
Event: 26.323 loading class org/gradle/api/internal/artifacts/configurations/DefaultConfigurationContainer_DecoratedCustomizer
Event: 26.323 loading class org/gradle/api/internal/artifacts/configurations/DefaultConfigurationContainer_DecoratedCustomizer done
Event: 26.323 loading class org/gradle/api/internal/artifacts/configurations/DefaultConfigurationContainer_DecoratedCustomizer
Event: 26.323 loading class org/gradle/api/internal/artifacts/configurations/DefaultConfigurationContainer_DecoratedCustomizer done
Event: 26.324 loading class org/gradle/api/internal/artifacts/configurations/DefaultConfigurationContainer_DecoratedCustomizer
Event: 26.324 loading class org/gradle/api/internal/artifacts/configurations/DefaultConfigurationContainer_DecoratedCustomizer done
Event: 26.324 loading class org/gradle/api/internal/artifacts/configurations/DefaultConfigurationContainer_DecoratedCustomizer
Event: 26.324 loading class org/gradle/api/internal/artifacts/configurations/DefaultConfigurationContainer_DecoratedCustomizer done


Dynamic libraries:
0x00007ff77e000000 - 0x00007ff77e00f000 	C:\Program Files\Java\jdk-11.0.14\bin\java.exe
0x00007ffe3ebd0000 - 0x00007ffe3edc8000 	C:\WINDOWS\SYSTEM32\ntdll.dll
0x00007ffe0c7f0000 - 0x00007ffe0c807000 	C:\Program Files\Avast Software\Avast\aswhook.dll
0x00007ffe3d1a0000 - 0x00007ffe3d25d000 	C:\WINDOWS\System32\KERNEL32.DLL
0x00007ffe3c6f0000 - 0x00007ffe3c9be000 	C:\WINDOWS\System32\KERNELBASE.dll
0x00007ffe3cb30000 - 0x00007ffe3cc30000 	C:\WINDOWS\System32\ucrtbase.dll
0x00007ffe30630000 - 0x00007ffe30648000 	C:\Program Files\Java\jdk-11.0.14\bin\jli.dll
0x00007ffe31910000 - 0x00007ffe31925000 	C:\Program Files\Java\jdk-11.0.14\bin\VCRUNTIME140.dll
0x00007ffe3d260000 - 0x00007ffe3d30e000 	C:\WINDOWS\System32\ADVAPI32.dll
0x00007ffe3e1d0000 - 0x00007ffe3e26e000 	C:\WINDOWS\System32\msvcrt.dll
0x00007ffe3e4c0000 - 0x00007ffe3e55c000 	C:\WINDOWS\System32\sechost.dll
0x00007ffe3e0a0000 - 0x00007ffe3e1c5000 	C:\WINDOWS\System32\RPCRT4.dll
0x00007ffe3df00000 - 0x00007ffe3e0a0000 	C:\WINDOWS\System32\USER32.dll
0x00007ffe3cb00000 - 0x00007ffe3cb22000 	C:\WINDOWS\System32\win32u.dll
0x00007ffe270a0000 - 0x00007ffe2733a000 	C:\WINDOWS\WinSxS\amd64_microsoft.windows.common-controls_6595b64144ccf1df_6.0.19041.1110_none_60b5254171f9507e\COMCTL32.dll
0x00007ffe3d0a0000 - 0x00007ffe3d0ca000 	C:\WINDOWS\System32\GDI32.dll
0x00007ffe3c5e0000 - 0x00007ffe3c6eb000 	C:\WINDOWS\System32\gdi32full.dll
0x00007ffe3c2f0000 - 0x00007ffe3c38d000 	C:\WINDOWS\System32\msvcp_win.dll
0x00007ffe35ff0000 - 0x00007ffe35ffa000 	C:\WINDOWS\SYSTEM32\VERSION.dll
0x00007ffe3e490000 - 0x00007ffe3e4c0000 	C:\WINDOWS\System32\IMM32.DLL
0x00007ffde3960000 - 0x00007ffde39fb000 	C:\Program Files\Java\jdk-11.0.14\bin\msvcp140.dll
0x00007ffd95e30000 - 0x00007ffd96946000 	C:\Program Files\Java\jdk-11.0.14\bin\server\jvm.dll
0x00007ffe3e820000 - 0x00007ffe3e828000 	C:\WINDOWS\System32\PSAPI.DLL
0x00007ffe2ca40000 - 0x00007ffe2ca67000 	C:\WINDOWS\SYSTEM32\WINMM.dll
0x00007ffe221e0000 - 0x00007ffe221e9000 	C:\WINDOWS\SYSTEM32\WSOCK32.dll
0x00007ffe3d680000 - 0x00007ffe3d6eb000 	C:\WINDOWS\System32\WS2_32.dll
0x00007ffe3abd0000 - 0x00007ffe3abe2000 	C:\WINDOWS\SYSTEM32\kernel.appcore.dll
0x00007ffe37710000 - 0x00007ffe37720000 	C:\Program Files\Java\jdk-11.0.14\bin\verify.dll
0x00007ffe3a810000 - 0x00007ffe3a9f4000 	C:\WINDOWS\SYSTEM32\DBGHELP.DLL
0x00007ffe21fd0000 - 0x00007ffe21ffc000 	C:\WINDOWS\SYSTEM32\dbgcore.DLL
0x00007ffe3ca70000 - 0x00007ffe3caf2000 	C:\WINDOWS\System32\bcryptPrimitives.dll
0x00007ffe1b710000 - 0x00007ffe1b738000 	C:\Program Files\Java\jdk-11.0.14\bin\java.dll
0x00007ffe318c0000 - 0x00007ffe318ca000 	C:\Program Files\Java\jdk-11.0.14\bin\jimage.dll
0x00007ffe30610000 - 0x00007ffe30626000 	C:\Program Files\Java\jdk-11.0.14\bin\zip.dll
0x00007ffe3d6f0000 - 0x00007ffe3de34000 	C:\WINDOWS\System32\SHELL32.dll
0x00007ffe39f00000 - 0x00007ffe3a694000 	C:\WINDOWS\SYSTEM32\windows.storage.dll
0x00007ffe3e830000 - 0x00007ffe3eb84000 	C:\WINDOWS\System32\combase.dll
0x00007ffe3bd50000 - 0x00007ffe3bd80000 	C:\WINDOWS\SYSTEM32\Wldp.dll
0x00007ffe3d4b0000 - 0x00007ffe3d55d000 	C:\WINDOWS\System32\SHCORE.dll
0x00007ffe3e300000 - 0x00007ffe3e355000 	C:\WINDOWS\System32\shlwapi.dll
0x00007ffe3c230000 - 0x00007ffe3c24f000 	C:\WINDOWS\SYSTEM32\profapi.dll
0x00007ffe1b6f0000 - 0x00007ffe1b709000 	C:\Program Files\Java\jdk-11.0.14\bin\net.dll
0x00007ffe32740000 - 0x00007ffe3284a000 	C:\WINDOWS\SYSTEM32\WINHTTP.dll
0x00007ffe3bab0000 - 0x00007ffe3bb1a000 	C:\WINDOWS\system32\mswsock.dll
0x00007ffe05b90000 - 0x00007ffe05ba2000 	C:\Program Files\Java\jdk-11.0.14\bin\nio.dll
0x00007ffe01ed0000 - 0x00007ffe01ef7000 	C:\Users\riple\.gradle\native\e1d6ef7f7dcc3fd88c89a11ec53ec762bb8ba0a96d01ffa2cd45eb1d1d8dd5c5\windows-amd64\native-platform.dll
0x00007ffded910000 - 0x00007ffdeda54000 	C:\Users\riple\.gradle\native\5664cfc778a61ccfe75a443a1ab52a65af34e5dc3c78e0209fed803814484fcb\windows-amd64\native-platform-file-events.dll
0x00007ffe37010000 - 0x00007ffe37019000 	C:\Program Files\Java\jdk-11.0.14\bin\management.dll
0x00007ffe2b840000 - 0x00007ffe2b84b000 	C:\Program Files\Java\jdk-11.0.14\bin\management_ext.dll
0x00007ffe3bca0000 - 0x00007ffe3bcb8000 	C:\WINDOWS\SYSTEM32\CRYPTSP.dll
0x00007ffe3b3c0000 - 0x00007ffe3b3f4000 	C:\WINDOWS\system32\rsaenh.dll
0x00007ffe3c540000 - 0x00007ffe3c567000 	C:\WINDOWS\System32\bcrypt.dll
0x00007ffe3c1b0000 - 0x00007ffe3c1de000 	C:\WINDOWS\SYSTEM32\USERENV.dll
0x00007ffe3bcc0000 - 0x00007ffe3bccc000 	C:\WINDOWS\SYSTEM32\CRYPTBASE.dll
0x00007ffe3b750000 - 0x00007ffe3b78b000 	C:\WINDOWS\SYSTEM32\IPHLPAPI.DLL
0x00007ffe3de40000 - 0x00007ffe3de48000 	C:\WINDOWS\System32\NSI.dll
0x00007ffe34af0000 - 0x00007ffe34b07000 	C:\WINDOWS\SYSTEM32\dhcpcsvc6.DLL
0x00007ffe36020000 - 0x00007ffe3603d000 	C:\WINDOWS\SYSTEM32\dhcpcsvc.DLL
0x00007ffe3b7a0000 - 0x00007ffe3b86b000 	C:\WINDOWS\SYSTEM32\DNSAPI.dll

dbghelp: loaded successfully - version: 4.0.5 - missing functions: none
symbol engine: initialized successfully - sym options: 0x614 - pdb path: .;C:\Program Files\Java\jdk-11.0.14\bin;C:\WINDOWS\SYSTEM32;C:\Program Files\Avast Software\Avast;C:\WINDOWS\WinSxS\amd64_microsoft.windows.common-controls_6595b64144ccf1df_6.0.19041.1110_none_60b5254171f9507e;C:\Program Files\Java\jdk-11.0.14\bin\server;C:\Users\riple\.gradle\native\e1d6ef7f7dcc3fd88c89a11ec53ec762bb8ba0a96d01ffa2cd45eb1d1d8dd5c5\windows-amd64;C:\Users\riple\.gradle\native\5664cfc778a61ccfe75a443a1ab52a65af34e5dc3c78e0209fed803814484fcb\windows-amd64

VM Arguments:
jvm_args: -XX:MaxMetaspaceSize=512m --add-opens=java.base/java.util=ALL-UNNAMED --add-opens=java.base/java.lang=ALL-UNNAMED --add-opens=java.base/java.lang.invoke=ALL-UNNAMED --add-opens=java.base/java.util=ALL-UNNAMED --add-opens=java.prefs/java.util.prefs=ALL-UNNAMED --add-opens=java.prefs/java.util.prefs=ALL-UNNAMED --add-opens=java.base/java.nio.charset=ALL-UNNAMED --add-opens=java.base/java.net=ALL-UNNAMED --add-opens=java.base/java.util.concurrent.atomic=ALL-UNNAMED -Xmx2048m -Dfile.encoding=windows-1252 -Duser.country=FR -Duser.language=fr -Duser.variant 
java_command: org.gradle.launcher.daemon.bootstrap.GradleDaemon 7.3.3
java_class_path (initial): C:\Users\riple\.gradle\wrapper\dists\gradle-7.3.3-all\4295vidhdd9hd3gbjyw1xqxpo\gradle-7.3.3\lib\gradle-launcher-7.3.3.jar
Launcher Type: SUN_STANDARD

[Global flags]
     intx CICompilerCount                          = 4                                         {product} {ergonomic}
   size_t CompressedClassSpaceSize                 = 528482304                                 {product} {ergonomic}
     uint ConcGCThreads                            = 3                                         {product} {ergonomic}
     uint G1ConcRefinementThreads                  = 10                                        {product} {ergonomic}
   size_t G1HeapRegionSize                         = 1048576                                   {product} {ergonomic}
    uintx GCDrainStackTargetSize                   = 64                                        {product} {ergonomic}
   size_t InitialHeapSize                          = 266338304                                 {product} {ergonomic}
   size_t MarkStackSize                            = 4194304                                   {product} {ergonomic}
   size_t MaxHeapSize                              = 2147483648                                {product} {command line}
   size_t MaxMetaspaceSize                         = 536870912                                 {product} {command line}
   size_t MaxNewSize                               = 1287651328                                {product} {ergonomic}
   size_t MinHeapDeltaBytes                        = 1048576                                   {product} {ergonomic}
    uintx NonNMethodCodeHeapSize                   = 5836300                                {pd product} {ergonomic}
    uintx NonProfiledCodeHeapSize                  = 122910970                              {pd product} {ergonomic}
    uintx ProfiledCodeHeapSize                     = 122910970                              {pd product} {ergonomic}
    uintx ReservedCodeCacheSize                    = 251658240                              {pd product} {ergonomic}
     bool SegmentedCodeCache                       = true                                      {product} {ergonomic}
     bool UseCompressedClassPointers               = true                                 {lp64_product} {ergonomic}
     bool UseCompressedOops                        = true                                 {lp64_product} {ergonomic}
     bool UseG1GC                                  = true                                      {product} {ergonomic}
     bool UseLargePagesIndividualAllocation        = false                                  {pd product} {ergonomic}

Logging:
Log output configuration:
 #0: stdout all=warning uptime,level,tags
 #1: stderr all=off uptime,level,tags

Environment Variables:
JAVA_HOME=C:\Program Files\Java\jdk-11.0.14
CLASSPATH=E:\laragon\www\10-PARTIELS\DEV3\fin-etudes\KiroulouApp\android\\gradle\wrapper\gradle-wrapper.jar
PATH=E:\laragon\www\10-PARTIELS\DEV3\fin-etudes\KiroulouApp\android\node_modules\.bin;E:\laragon\www\10-PARTIELS\DEV3\fin-etudes\KiroulouApp\node_modules\.bin;E:\laragon\www\10-PARTIELS\DEV3\fin-etudes\node_modules\.bin;E:\laragon\www\10-PARTIELS\DEV3\node_modules\.bin;E:\laragon\www\10-PARTIELS\node_modules\.bin;E:\laragon\www\node_modules\.bin;E:\laragon\node_modules\.bin;E:\node_modules\.bin;C:\Program Files\nodejs;C:\Users\riple\AppData\Local\Temp\yarn--1659540153001-0.08637681423974142;E:\laragon\www\10-PARTIELS\DEV3\fin-etudes\KiroulouApp\node_modules\.bin;C:\Users\riple\AppData\Local\Yarn\Data\link\node_modules\.bin;C:\Users\riple\AppData\Local\Yarn\bin;C:\Program Files\libexec\lib\node_modules\npm\bin\node-gyp-bin;C:\Program Files\lib\node_modules\npm\bin\node-gyp-bin;C:\Program Files\nodejs\node_modules\npm\bin\node-gyp-bin;C:\Program Files\Common Files\Oracle\Java\javapath;C:\Python310\Scripts\;C:\Python310\;C:\Program Files (x86)\Razer Chroma SDK\bin;C:\Program Files\Razer Chroma SDK\bin;C:\Program Files (x86)\Razer\ChromaBroadcast\bin;C:\Program Files\Razer\ChromaBroadcast\bin;C:\Program Files (x86)\Common Files\Oracle\Java\javapath;C:\Windows\system32;C:\Windows;C:\Windows\System32\Wbem;C:\Windows\System32\WindowsPowerShell\v1.0\;C:\Windows\System32\OpenSSH\;C:\Program Files (x86)\NVIDIA Corporation\PhysX\Common;C:\Program Files\NVIDIA Corporation\NVIDIA NvDLISR;C:\Program Files\Intel\WiFi\bin\;C:\Program Files\Common Files\Intel\WirelessCommon\;C:\composer;C:\Program Files\PuTTY\;C:\WINDOWS\system32;C:\WINDOWS;C:\WINDOWS\System32\Wbem;C:\WINDOWS\System32\WindowsPowerShell\v1.0\;C:\WINDOWS\System32\OpenSSH\;C:\Program Files\Symfony;E:\laragon\bin\php\php-7.4.13-Win32-vc15-x64;C:\WINDOWS\system32\config\systemprofile\AppData\Local\Microsoft\WindowsApps;C:\Program Files\Git\cmd;E:\gradle\gradle-7.4\bin;C:\Program Files\nodejs\;C:\ProgramData\chocolatey\bin;C:\Users\riple\AppData\Local\Yarn\config\global\node_modules\.bin;C:\Users\riple\AppData\Roaming\Compos
USERNAME=Ripley
OS=Windows_NT
PROCESSOR_IDENTIFIER=Intel64 Family 6 Model 158 Stepping 10, GenuineIntel



---------------  S Y S T E M  ---------------

OS: Windows 10 , 64 bit Build 19041 (10.0.19041.1806)

CPU:total 12 (initial active 12) (6 cores per cpu, 2 threads per core) family 6 model 158 stepping 10 microcode 0xf0, cmov, cx8, fxsr, mmx, sse, sse2, sse3, ssse3, sse4.1, sse4.2, popcnt, avx, avx2, aes, clmul, erms, 3dnowpref, lzcnt, ht, tsc, tscinvbit, bmi1, bmi2, adx, fma

Memory: 4k page, system-wide physical 16173M (1087M free)
TotalPageFile size 38169M (AvailPageFile size 14M)
current process WorkingSet (physical memory assigned to process): 484M, peak: 485M
current process commit charge ("private bytes"): 568M, peak: 569M

vm_info: Java HotSpot(TM) 64-Bit Server VM (11.0.14+8-LTS-263) for windows-amd64 JRE (11.0.14+8-LTS-263), built on Dec  7 2021 21:53:57 by "mach5one" with MS VC++ 15.9 (VS2017)

END.
